ERROR - 2023-07-06 08:09:14 --> Error connecting to the database: mysqli_sql_exception: Access denied for user ''@'localhost' (using password: NO) in /home/izaus/IzausLab/LabTraining/Ci4/belajar-crud-api-ci4-anymhost/system/Database/MySQLi/Connection.php:174
Stack trace:
#0 /home/izaus/IzausLab/LabTraining/Ci4/belajar-crud-api-ci4-anymhost/system/Database/MySQLi/Connection.php(174): mysqli->real_connect()
#1 /home/izaus/IzausLab/LabTraining/Ci4/belajar-crud-api-ci4-anymhost/system/Database/BaseConnection.php(391): CodeIgniter\Database\MySQLi\Connection->connect()
#2 /home/izaus/IzausLab/LabTraining/Ci4/belajar-crud-api-ci4-anymhost/system/Database/BaseConnection.php(574): CodeIgniter\Database\BaseConnection->initialize()
#3 /home/izaus/IzausLab/LabTraining/Ci4/belajar-crud-api-ci4-anymhost/system/Database/BaseBuilder.php(1616): CodeIgniter\Database\BaseConnection->query()
#4 /home/izaus/IzausLab/LabTraining/Ci4/belajar-crud-api-ci4-anymhost/system/Model.php(241): CodeIgniter\Database\BaseBuilder->get()
#5 /home/izaus/IzausLab/LabTraining/Ci4/belajar-crud-api-ci4-anymhost/system/BaseModel.php(618): CodeIgniter\Model->doFindAll()
#6 /home/izaus/IzausLab/LabTraining/Ci4/belajar-crud-api-ci4-anymhost/app/Controllers/Products.php(20): CodeIgniter\BaseModel->findAll()
#7 /home/izaus/IzausLab/LabTraining/Ci4/belajar-crud-api-ci4-anymhost/system/CodeIgniter.php(934): App\Controllers\Products->index()
#8 /home/izaus/IzausLab/LabTraining/Ci4/belajar-crud-api-ci4-anymhost/system/CodeIgniter.php(499): CodeIgniter\CodeIgniter->runController()
#9 /home/izaus/IzausLab/LabTraining/Ci4/belajar-crud-api-ci4-anymhost/system/CodeIgniter.php(368): CodeIgniter\CodeIgniter->handleRequest()
#10 /home/izaus/IzausLab/LabTraining/Ci4/belajar-crud-api-ci4-anymhost/public/index.php(67): CodeIgniter\CodeIgniter->run()
#11 /home/izaus/IzausLab/LabTraining/Ci4/belajar-crud-api-ci4-anymhost/system/Commands/Server/rewrite.php(47): require_once('...')
#12 {main}

Next CodeIgniter\Database\Exceptions\DatabaseException: Access denied for user ''@'localhost' (using password: NO) in /home/izaus/IzausLab/LabTraining/Ci4/belajar-crud-api-ci4-anymhost/system/Database/MySQLi/Connection.php:218
Stack trace:
#0 /home/izaus/IzausLab/LabTraining/Ci4/belajar-crud-api-ci4-anymhost/system/Database/BaseConnection.php(391): CodeIgniter\Database\MySQLi\Connection->connect()
#1 /home/izaus/IzausLab/LabTraining/Ci4/belajar-crud-api-ci4-anymhost/system/Database/BaseConnection.php(574): CodeIgniter\Database\BaseConnection->initialize()
#2 /home/izaus/IzausLab/LabTraining/Ci4/belajar-crud-api-ci4-anymhost/system/Database/BaseBuilder.php(1616): CodeIgniter\Database\BaseConnection->query()
#3 /home/izaus/IzausLab/LabTraining/Ci4/belajar-crud-api-ci4-anymhost/system/Model.php(241): CodeIgniter\Database\BaseBuilder->get()
#4 /home/izaus/IzausLab/LabTraining/Ci4/belajar-crud-api-ci4-anymhost/system/BaseModel.php(618): CodeIgniter\Model->doFindAll()
#5 /home/izaus/IzausLab/LabTraining/Ci4/belajar-crud-api-ci4-anymhost/app/Controllers/Products.php(20): CodeIgniter\BaseModel->findAll()
#6 /home/izaus/IzausLab/LabTraining/Ci4/belajar-crud-api-ci4-anymhost/system/CodeIgniter.php(934): App\Controllers\Products->index()
#7 /home/izaus/IzausLab/LabTraining/Ci4/belajar-crud-api-ci4-anymhost/system/CodeIgniter.php(499): CodeIgniter\CodeIgniter->runController()
#8 /home/izaus/IzausLab/LabTraining/Ci4/belajar-crud-api-ci4-anymhost/system/CodeIgniter.php(368): CodeIgniter\CodeIgniter->handleRequest()
#9 /home/izaus/IzausLab/LabTraining/Ci4/belajar-crud-api-ci4-anymhost/public/index.php(67): CodeIgniter\CodeIgniter->run()
#10 /home/izaus/IzausLab/LabTraining/Ci4/belajar-crud-api-ci4-anymhost/system/Commands/Server/rewrite.php(47): require_once('...')
#11 {main}
CRITICAL - 2023-07-06 08:09:14 --> Unable to connect to the database.
Main connection [MySQLi]: Access denied for user ''@'localhost' (using password: NO)
in SYSTEMPATH/Database/BaseConnection.php on line 427.
 1 SYSTEMPATH/Database/BaseConnection.php(574): CodeIgniter\Database\BaseConnection->initialize()
 2 SYSTEMPATH/Database/BaseBuilder.php(1616): CodeIgniter\Database\BaseConnection->query()
 3 SYSTEMPATH/Model.php(241): CodeIgniter\Database\BaseBuilder->get()
 4 SYSTEMPATH/BaseModel.php(618): CodeIgniter\Model->doFindAll()
 5 APPPATH/Controllers/Products.php(20): CodeIgniter\BaseModel->findAll()
 6 SYSTEMPATH/CodeIgniter.php(934): App\Controllers\Products->index()
 7 SYSTEMPATH/CodeIgniter.php(499): CodeIgniter\CodeIgniter->runController()
 8 SYSTEMPATH/CodeIgniter.php(368): CodeIgniter\CodeIgniter->handleRequest()
 9 FCPATH/index.php(67): CodeIgniter\CodeIgniter->run()
10 SYSTEMPATH/Commands/Server/rewrite.php(47): require_once('/home/izaus/IzausLab/LabTraining/Ci4/belajar-crud-api-ci4-anymhost/public/index.php')
ERROR - 2023-07-06 08:11:34 --> Error connecting to the database: mysqli_sql_exception: Access denied for user ''@'localhost' (using password: NO) in /home/izaus/IzausLab/LabTraining/Ci4/belajar-crud-api-ci4-anymhost/system/Database/MySQLi/Connection.php:174
Stack trace:
#0 /home/izaus/IzausLab/LabTraining/Ci4/belajar-crud-api-ci4-anymhost/system/Database/MySQLi/Connection.php(174): mysqli->real_connect()
#1 /home/izaus/IzausLab/LabTraining/Ci4/belajar-crud-api-ci4-anymhost/system/Database/BaseConnection.php(391): CodeIgniter\Database\MySQLi\Connection->connect()
#2 /home/izaus/IzausLab/LabTraining/Ci4/belajar-crud-api-ci4-anymhost/system/Database/BaseConnection.php(574): CodeIgniter\Database\BaseConnection->initialize()
#3 /home/izaus/IzausLab/LabTraining/Ci4/belajar-crud-api-ci4-anymhost/system/Database/BaseBuilder.php(1616): CodeIgniter\Database\BaseConnection->query()
#4 /home/izaus/IzausLab/LabTraining/Ci4/belajar-crud-api-ci4-anymhost/system/Model.php(241): CodeIgniter\Database\BaseBuilder->get()
#5 /home/izaus/IzausLab/LabTraining/Ci4/belajar-crud-api-ci4-anymhost/system/BaseModel.php(618): CodeIgniter\Model->doFindAll()
#6 /home/izaus/IzausLab/LabTraining/Ci4/belajar-crud-api-ci4-anymhost/app/Controllers/Products.php(20): CodeIgniter\BaseModel->findAll()
#7 /home/izaus/IzausLab/LabTraining/Ci4/belajar-crud-api-ci4-anymhost/system/CodeIgniter.php(934): App\Controllers\Products->index()
#8 /home/izaus/IzausLab/LabTraining/Ci4/belajar-crud-api-ci4-anymhost/system/CodeIgniter.php(499): CodeIgniter\CodeIgniter->runController()
#9 /home/izaus/IzausLab/LabTraining/Ci4/belajar-crud-api-ci4-anymhost/system/CodeIgniter.php(368): CodeIgniter\CodeIgniter->handleRequest()
#10 /home/izaus/IzausLab/LabTraining/Ci4/belajar-crud-api-ci4-anymhost/public/index.php(67): CodeIgniter\CodeIgniter->run()
#11 /home/izaus/IzausLab/LabTraining/Ci4/belajar-crud-api-ci4-anymhost/system/Commands/Server/rewrite.php(47): require_once('...')
#12 {main}

Next CodeIgniter\Database\Exceptions\DatabaseException: Access denied for user ''@'localhost' (using password: NO) in /home/izaus/IzausLab/LabTraining/Ci4/belajar-crud-api-ci4-anymhost/system/Database/MySQLi/Connection.php:218
Stack trace:
#0 /home/izaus/IzausLab/LabTraining/Ci4/belajar-crud-api-ci4-anymhost/system/Database/BaseConnection.php(391): CodeIgniter\Database\MySQLi\Connection->connect()
#1 /home/izaus/IzausLab/LabTraining/Ci4/belajar-crud-api-ci4-anymhost/system/Database/BaseConnection.php(574): CodeIgniter\Database\BaseConnection->initialize()
#2 /home/izaus/IzausLab/LabTraining/Ci4/belajar-crud-api-ci4-anymhost/system/Database/BaseBuilder.php(1616): CodeIgniter\Database\BaseConnection->query()
#3 /home/izaus/IzausLab/LabTraining/Ci4/belajar-crud-api-ci4-anymhost/system/Model.php(241): CodeIgniter\Database\BaseBuilder->get()
#4 /home/izaus/IzausLab/LabTraining/Ci4/belajar-crud-api-ci4-anymhost/system/BaseModel.php(618): CodeIgniter\Model->doFindAll()
#5 /home/izaus/IzausLab/LabTraining/Ci4/belajar-crud-api-ci4-anymhost/app/Controllers/Products.php(20): CodeIgniter\BaseModel->findAll()
#6 /home/izaus/IzausLab/LabTraining/Ci4/belajar-crud-api-ci4-anymhost/system/CodeIgniter.php(934): App\Controllers\Products->index()
#7 /home/izaus/IzausLab/LabTraining/Ci4/belajar-crud-api-ci4-anymhost/system/CodeIgniter.php(499): CodeIgniter\CodeIgniter->runController()
#8 /home/izaus/IzausLab/LabTraining/Ci4/belajar-crud-api-ci4-anymhost/system/CodeIgniter.php(368): CodeIgniter\CodeIgniter->handleRequest()
#9 /home/izaus/IzausLab/LabTraining/Ci4/belajar-crud-api-ci4-anymhost/public/index.php(67): CodeIgniter\CodeIgniter->run()
#10 /home/izaus/IzausLab/LabTraining/Ci4/belajar-crud-api-ci4-anymhost/system/Commands/Server/rewrite.php(47): require_once('...')
#11 {main}
CRITICAL - 2023-07-06 08:11:34 --> Unable to connect to the database.
Main connection [MySQLi]: Access denied for user ''@'localhost' (using password: NO)
in SYSTEMPATH/Database/BaseConnection.php on line 427.
 1 SYSTEMPATH/Database/BaseConnection.php(574): CodeIgniter\Database\BaseConnection->initialize()
 2 SYSTEMPATH/Database/BaseBuilder.php(1616): CodeIgniter\Database\BaseConnection->query()
 3 SYSTEMPATH/Model.php(241): CodeIgniter\Database\BaseBuilder->get()
 4 SYSTEMPATH/BaseModel.php(618): CodeIgniter\Model->doFindAll()
 5 APPPATH/Controllers/Products.php(20): CodeIgniter\BaseModel->findAll()
 6 SYSTEMPATH/CodeIgniter.php(934): App\Controllers\Products->index()
 7 SYSTEMPATH/CodeIgniter.php(499): CodeIgniter\CodeIgniter->runController()
 8 SYSTEMPATH/CodeIgniter.php(368): CodeIgniter\CodeIgniter->handleRequest()
 9 FCPATH/index.php(67): CodeIgniter\CodeIgniter->run()
10 SYSTEMPATH/Commands/Server/rewrite.php(47): require_once('/home/izaus/IzausLab/LabTraining/Ci4/belajar-crud-api-ci4-anymhost/public/index.php')
ERROR - 2023-07-06 08:11:46 --> Error connecting to the database: mysqli_sql_exception: Access denied for user ''@'localhost' (using password: NO) in /home/izaus/IzausLab/LabTraining/Ci4/belajar-crud-api-ci4-anymhost/system/Database/MySQLi/Connection.php:174
Stack trace:
#0 /home/izaus/IzausLab/LabTraining/Ci4/belajar-crud-api-ci4-anymhost/system/Database/MySQLi/Connection.php(174): mysqli->real_connect()
#1 /home/izaus/IzausLab/LabTraining/Ci4/belajar-crud-api-ci4-anymhost/system/Database/BaseConnection.php(391): CodeIgniter\Database\MySQLi\Connection->connect()
#2 /home/izaus/IzausLab/LabTraining/Ci4/belajar-crud-api-ci4-anymhost/system/Database/BaseConnection.php(574): CodeIgniter\Database\BaseConnection->initialize()
#3 /home/izaus/IzausLab/LabTraining/Ci4/belajar-crud-api-ci4-anymhost/system/Database/BaseBuilder.php(1616): CodeIgniter\Database\BaseConnection->query()
#4 /home/izaus/IzausLab/LabTraining/Ci4/belajar-crud-api-ci4-anymhost/system/Model.php(241): CodeIgniter\Database\BaseBuilder->get()
#5 /home/izaus/IzausLab/LabTraining/Ci4/belajar-crud-api-ci4-anymhost/system/BaseModel.php(618): CodeIgniter\Model->doFindAll()
#6 /home/izaus/IzausLab/LabTraining/Ci4/belajar-crud-api-ci4-anymhost/app/Controllers/Products.php(20): CodeIgniter\BaseModel->findAll()
#7 /home/izaus/IzausLab/LabTraining/Ci4/belajar-crud-api-ci4-anymhost/system/CodeIgniter.php(934): App\Controllers\Products->index()
#8 /home/izaus/IzausLab/LabTraining/Ci4/belajar-crud-api-ci4-anymhost/system/CodeIgniter.php(499): CodeIgniter\CodeIgniter->runController()
#9 /home/izaus/IzausLab/LabTraining/Ci4/belajar-crud-api-ci4-anymhost/system/CodeIgniter.php(368): CodeIgniter\CodeIgniter->handleRequest()
#10 /home/izaus/IzausLab/LabTraining/Ci4/belajar-crud-api-ci4-anymhost/public/index.php(67): CodeIgniter\CodeIgniter->run()
#11 /home/izaus/IzausLab/LabTraining/Ci4/belajar-crud-api-ci4-anymhost/system/Commands/Server/rewrite.php(47): require_once('...')
#12 {main}

Next CodeIgniter\Database\Exceptions\DatabaseException: Access denied for user ''@'localhost' (using password: NO) in /home/izaus/IzausLab/LabTraining/Ci4/belajar-crud-api-ci4-anymhost/system/Database/MySQLi/Connection.php:218
Stack trace:
#0 /home/izaus/IzausLab/LabTraining/Ci4/belajar-crud-api-ci4-anymhost/system/Database/BaseConnection.php(391): CodeIgniter\Database\MySQLi\Connection->connect()
#1 /home/izaus/IzausLab/LabTraining/Ci4/belajar-crud-api-ci4-anymhost/system/Database/BaseConnection.php(574): CodeIgniter\Database\BaseConnection->initialize()
#2 /home/izaus/IzausLab/LabTraining/Ci4/belajar-crud-api-ci4-anymhost/system/Database/BaseBuilder.php(1616): CodeIgniter\Database\BaseConnection->query()
#3 /home/izaus/IzausLab/LabTraining/Ci4/belajar-crud-api-ci4-anymhost/system/Model.php(241): CodeIgniter\Database\BaseBuilder->get()
#4 /home/izaus/IzausLab/LabTraining/Ci4/belajar-crud-api-ci4-anymhost/system/BaseModel.php(618): CodeIgniter\Model->doFindAll()
#5 /home/izaus/IzausLab/LabTraining/Ci4/belajar-crud-api-ci4-anymhost/app/Controllers/Products.php(20): CodeIgniter\BaseModel->findAll()
#6 /home/izaus/IzausLab/LabTraining/Ci4/belajar-crud-api-ci4-anymhost/system/CodeIgniter.php(934): App\Controllers\Products->index()
#7 /home/izaus/IzausLab/LabTraining/Ci4/belajar-crud-api-ci4-anymhost/system/CodeIgniter.php(499): CodeIgniter\CodeIgniter->runController()
#8 /home/izaus/IzausLab/LabTraining/Ci4/belajar-crud-api-ci4-anymhost/system/CodeIgniter.php(368): CodeIgniter\CodeIgniter->handleRequest()
#9 /home/izaus/IzausLab/LabTraining/Ci4/belajar-crud-api-ci4-anymhost/public/index.php(67): CodeIgniter\CodeIgniter->run()
#10 /home/izaus/IzausLab/LabTraining/Ci4/belajar-crud-api-ci4-anymhost/system/Commands/Server/rewrite.php(47): require_once('...')
#11 {main}
CRITICAL - 2023-07-06 08:11:46 --> Unable to connect to the database.
Main connection [MySQLi]: Access denied for user ''@'localhost' (using password: NO)
in SYSTEMPATH/Database/BaseConnection.php on line 427.
 1 SYSTEMPATH/Database/BaseConnection.php(574): CodeIgniter\Database\BaseConnection->initialize()
 2 SYSTEMPATH/Database/BaseBuilder.php(1616): CodeIgniter\Database\BaseConnection->query()
 3 SYSTEMPATH/Model.php(241): CodeIgniter\Database\BaseBuilder->get()
 4 SYSTEMPATH/BaseModel.php(618): CodeIgniter\Model->doFindAll()
 5 APPPATH/Controllers/Products.php(20): CodeIgniter\BaseModel->findAll()
 6 SYSTEMPATH/CodeIgniter.php(934): App\Controllers\Products->index()
 7 SYSTEMPATH/CodeIgniter.php(499): CodeIgniter\CodeIgniter->runController()
 8 SYSTEMPATH/CodeIgniter.php(368): CodeIgniter\CodeIgniter->handleRequest()
 9 FCPATH/index.php(67): CodeIgniter\CodeIgniter->run()
10 SYSTEMPATH/Commands/Server/rewrite.php(47): require_once('/home/izaus/IzausLab/LabTraining/Ci4/belajar-crud-api-ci4-anymhost/public/index.php')
ERROR - 2023-07-06 08:12:26 --> Error connecting to the database: mysqli_sql_exception: Access denied for user ''@'localhost' (using password: NO) in /home/izaus/IzausLab/LabTraining/Ci4/belajar-crud-api-ci4-anymhost/system/Database/MySQLi/Connection.php:174
Stack trace:
#0 /home/izaus/IzausLab/LabTraining/Ci4/belajar-crud-api-ci4-anymhost/system/Database/MySQLi/Connection.php(174): mysqli->real_connect()
#1 /home/izaus/IzausLab/LabTraining/Ci4/belajar-crud-api-ci4-anymhost/system/Database/BaseConnection.php(391): CodeIgniter\Database\MySQLi\Connection->connect()
#2 /home/izaus/IzausLab/LabTraining/Ci4/belajar-crud-api-ci4-anymhost/system/Database/BaseConnection.php(574): CodeIgniter\Database\BaseConnection->initialize()
#3 /home/izaus/IzausLab/LabTraining/Ci4/belajar-crud-api-ci4-anymhost/system/Database/BaseBuilder.php(1616): CodeIgniter\Database\BaseConnection->query()
#4 /home/izaus/IzausLab/LabTraining/Ci4/belajar-crud-api-ci4-anymhost/system/Model.php(241): CodeIgniter\Database\BaseBuilder->get()
#5 /home/izaus/IzausLab/LabTraining/Ci4/belajar-crud-api-ci4-anymhost/system/BaseModel.php(618): CodeIgniter\Model->doFindAll()
#6 /home/izaus/IzausLab/LabTraining/Ci4/belajar-crud-api-ci4-anymhost/app/Controllers/Products.php(20): CodeIgniter\BaseModel->findAll()
#7 /home/izaus/IzausLab/LabTraining/Ci4/belajar-crud-api-ci4-anymhost/system/CodeIgniter.php(934): App\Controllers\Products->index()
#8 /home/izaus/IzausLab/LabTraining/Ci4/belajar-crud-api-ci4-anymhost/system/CodeIgniter.php(499): CodeIgniter\CodeIgniter->runController()
#9 /home/izaus/IzausLab/LabTraining/Ci4/belajar-crud-api-ci4-anymhost/system/CodeIgniter.php(368): CodeIgniter\CodeIgniter->handleRequest()
#10 /home/izaus/IzausLab/LabTraining/Ci4/belajar-crud-api-ci4-anymhost/public/index.php(67): CodeIgniter\CodeIgniter->run()
#11 /home/izaus/IzausLab/LabTraining/Ci4/belajar-crud-api-ci4-anymhost/system/Commands/Server/rewrite.php(47): require_once('...')
#12 {main}

Next CodeIgniter\Database\Exceptions\DatabaseException: Access denied for user ''@'localhost' (using password: NO) in /home/izaus/IzausLab/LabTraining/Ci4/belajar-crud-api-ci4-anymhost/system/Database/MySQLi/Connection.php:218
Stack trace:
#0 /home/izaus/IzausLab/LabTraining/Ci4/belajar-crud-api-ci4-anymhost/system/Database/BaseConnection.php(391): CodeIgniter\Database\MySQLi\Connection->connect()
#1 /home/izaus/IzausLab/LabTraining/Ci4/belajar-crud-api-ci4-anymhost/system/Database/BaseConnection.php(574): CodeIgniter\Database\BaseConnection->initialize()
#2 /home/izaus/IzausLab/LabTraining/Ci4/belajar-crud-api-ci4-anymhost/system/Database/BaseBuilder.php(1616): CodeIgniter\Database\BaseConnection->query()
#3 /home/izaus/IzausLab/LabTraining/Ci4/belajar-crud-api-ci4-anymhost/system/Model.php(241): CodeIgniter\Database\BaseBuilder->get()
#4 /home/izaus/IzausLab/LabTraining/Ci4/belajar-crud-api-ci4-anymhost/system/BaseModel.php(618): CodeIgniter\Model->doFindAll()
#5 /home/izaus/IzausLab/LabTraining/Ci4/belajar-crud-api-ci4-anymhost/app/Controllers/Products.php(20): CodeIgniter\BaseModel->findAll()
#6 /home/izaus/IzausLab/LabTraining/Ci4/belajar-crud-api-ci4-anymhost/system/CodeIgniter.php(934): App\Controllers\Products->index()
#7 /home/izaus/IzausLab/LabTraining/Ci4/belajar-crud-api-ci4-anymhost/system/CodeIgniter.php(499): CodeIgniter\CodeIgniter->runController()
#8 /home/izaus/IzausLab/LabTraining/Ci4/belajar-crud-api-ci4-anymhost/system/CodeIgniter.php(368): CodeIgniter\CodeIgniter->handleRequest()
#9 /home/izaus/IzausLab/LabTraining/Ci4/belajar-crud-api-ci4-anymhost/public/index.php(67): CodeIgniter\CodeIgniter->run()
#10 /home/izaus/IzausLab/LabTraining/Ci4/belajar-crud-api-ci4-anymhost/system/Commands/Server/rewrite.php(47): require_once('...')
#11 {main}
CRITICAL - 2023-07-06 08:12:26 --> Unable to connect to the database.
Main connection [MySQLi]: Access denied for user ''@'localhost' (using password: NO)
in SYSTEMPATH/Database/BaseConnection.php on line 427.
 1 SYSTEMPATH/Database/BaseConnection.php(574): CodeIgniter\Database\BaseConnection->initialize()
 2 SYSTEMPATH/Database/BaseBuilder.php(1616): CodeIgniter\Database\BaseConnection->query()
 3 SYSTEMPATH/Model.php(241): CodeIgniter\Database\BaseBuilder->get()
 4 SYSTEMPATH/BaseModel.php(618): CodeIgniter\Model->doFindAll()
 5 APPPATH/Controllers/Products.php(20): CodeIgniter\BaseModel->findAll()
 6 SYSTEMPATH/CodeIgniter.php(934): App\Controllers\Products->index()
 7 SYSTEMPATH/CodeIgniter.php(499): CodeIgniter\CodeIgniter->runController()
 8 SYSTEMPATH/CodeIgniter.php(368): CodeIgniter\CodeIgniter->handleRequest()
 9 FCPATH/index.php(67): CodeIgniter\CodeIgniter->run()
10 SYSTEMPATH/Commands/Server/rewrite.php(47): require_once('/home/izaus/IzausLab/LabTraining/Ci4/belajar-crud-api-ci4-anymhost/public/index.php')
ERROR - 2023-07-06 08:12:47 --> Error connecting to the database: mysqli_sql_exception: Access denied for user ''@'localhost' (using password: NO) in /home/izaus/IzausLab/LabTraining/Ci4/belajar-crud-api-ci4-anymhost/system/Database/MySQLi/Connection.php:174
Stack trace:
#0 /home/izaus/IzausLab/LabTraining/Ci4/belajar-crud-api-ci4-anymhost/system/Database/MySQLi/Connection.php(174): mysqli->real_connect()
#1 /home/izaus/IzausLab/LabTraining/Ci4/belajar-crud-api-ci4-anymhost/system/Database/BaseConnection.php(391): CodeIgniter\Database\MySQLi\Connection->connect()
#2 /home/izaus/IzausLab/LabTraining/Ci4/belajar-crud-api-ci4-anymhost/system/Database/BaseConnection.php(574): CodeIgniter\Database\BaseConnection->initialize()
#3 /home/izaus/IzausLab/LabTraining/Ci4/belajar-crud-api-ci4-anymhost/system/Database/BaseBuilder.php(1616): CodeIgniter\Database\BaseConnection->query()
#4 /home/izaus/IzausLab/LabTraining/Ci4/belajar-crud-api-ci4-anymhost/system/Model.php(241): CodeIgniter\Database\BaseBuilder->get()
#5 /home/izaus/IzausLab/LabTraining/Ci4/belajar-crud-api-ci4-anymhost/system/BaseModel.php(618): CodeIgniter\Model->doFindAll()
#6 /home/izaus/IzausLab/LabTraining/Ci4/belajar-crud-api-ci4-anymhost/app/Controllers/Products.php(20): CodeIgniter\BaseModel->findAll()
#7 /home/izaus/IzausLab/LabTraining/Ci4/belajar-crud-api-ci4-anymhost/system/CodeIgniter.php(934): App\Controllers\Products->index()
#8 /home/izaus/IzausLab/LabTraining/Ci4/belajar-crud-api-ci4-anymhost/system/CodeIgniter.php(499): CodeIgniter\CodeIgniter->runController()
#9 /home/izaus/IzausLab/LabTraining/Ci4/belajar-crud-api-ci4-anymhost/system/CodeIgniter.php(368): CodeIgniter\CodeIgniter->handleRequest()
#10 /home/izaus/IzausLab/LabTraining/Ci4/belajar-crud-api-ci4-anymhost/public/index.php(67): CodeIgniter\CodeIgniter->run()
#11 /home/izaus/IzausLab/LabTraining/Ci4/belajar-crud-api-ci4-anymhost/system/Commands/Server/rewrite.php(47): require_once('...')
#12 {main}

Next CodeIgniter\Database\Exceptions\DatabaseException: Access denied for user ''@'localhost' (using password: NO) in /home/izaus/IzausLab/LabTraining/Ci4/belajar-crud-api-ci4-anymhost/system/Database/MySQLi/Connection.php:218
Stack trace:
#0 /home/izaus/IzausLab/LabTraining/Ci4/belajar-crud-api-ci4-anymhost/system/Database/BaseConnection.php(391): CodeIgniter\Database\MySQLi\Connection->connect()
#1 /home/izaus/IzausLab/LabTraining/Ci4/belajar-crud-api-ci4-anymhost/system/Database/BaseConnection.php(574): CodeIgniter\Database\BaseConnection->initialize()
#2 /home/izaus/IzausLab/LabTraining/Ci4/belajar-crud-api-ci4-anymhost/system/Database/BaseBuilder.php(1616): CodeIgniter\Database\BaseConnection->query()
#3 /home/izaus/IzausLab/LabTraining/Ci4/belajar-crud-api-ci4-anymhost/system/Model.php(241): CodeIgniter\Database\BaseBuilder->get()
#4 /home/izaus/IzausLab/LabTraining/Ci4/belajar-crud-api-ci4-anymhost/system/BaseModel.php(618): CodeIgniter\Model->doFindAll()
#5 /home/izaus/IzausLab/LabTraining/Ci4/belajar-crud-api-ci4-anymhost/app/Controllers/Products.php(20): CodeIgniter\BaseModel->findAll()
#6 /home/izaus/IzausLab/LabTraining/Ci4/belajar-crud-api-ci4-anymhost/system/CodeIgniter.php(934): App\Controllers\Products->index()
#7 /home/izaus/IzausLab/LabTraining/Ci4/belajar-crud-api-ci4-anymhost/system/CodeIgniter.php(499): CodeIgniter\CodeIgniter->runController()
#8 /home/izaus/IzausLab/LabTraining/Ci4/belajar-crud-api-ci4-anymhost/system/CodeIgniter.php(368): CodeIgniter\CodeIgniter->handleRequest()
#9 /home/izaus/IzausLab/LabTraining/Ci4/belajar-crud-api-ci4-anymhost/public/index.php(67): CodeIgniter\CodeIgniter->run()
#10 /home/izaus/IzausLab/LabTraining/Ci4/belajar-crud-api-ci4-anymhost/system/Commands/Server/rewrite.php(47): require_once('...')
#11 {main}
CRITICAL - 2023-07-06 08:12:47 --> Unable to connect to the database.
Main connection [MySQLi]: Access denied for user ''@'localhost' (using password: NO)
in SYSTEMPATH/Database/BaseConnection.php on line 427.
 1 SYSTEMPATH/Database/BaseConnection.php(574): CodeIgniter\Database\BaseConnection->initialize()
 2 SYSTEMPATH/Database/BaseBuilder.php(1616): CodeIgniter\Database\BaseConnection->query()
 3 SYSTEMPATH/Model.php(241): CodeIgniter\Database\BaseBuilder->get()
 4 SYSTEMPATH/BaseModel.php(618): CodeIgniter\Model->doFindAll()
 5 APPPATH/Controllers/Products.php(20): CodeIgniter\BaseModel->findAll()
 6 SYSTEMPATH/CodeIgniter.php(934): App\Controllers\Products->index()
 7 SYSTEMPATH/CodeIgniter.php(499): CodeIgniter\CodeIgniter->runController()
 8 SYSTEMPATH/CodeIgniter.php(368): CodeIgniter\CodeIgniter->handleRequest()
 9 FCPATH/index.php(67): CodeIgniter\CodeIgniter->run()
10 SYSTEMPATH/Commands/Server/rewrite.php(47): require_once('/home/izaus/IzausLab/LabTraining/Ci4/belajar-crud-api-ci4-anymhost/public/index.php')
ERROR - 2023-07-06 08:34:33 --> mysqli_sql_exception: Column 'name' cannot be null in /home/izaus/IzausLab/LabTraining/Ci4/belajar-crud-api-ci4-anymhost/system/Database/MySQLi/Connection.php:295
Stack trace:
#0 /home/izaus/IzausLab/LabTraining/Ci4/belajar-crud-api-ci4-anymhost/system/Database/MySQLi/Connection.php(295): mysqli->query()
#1 /home/izaus/IzausLab/LabTraining/Ci4/belajar-crud-api-ci4-anymhost/system/Database/BaseConnection.php(692): CodeIgniter\Database\MySQLi\Connection->execute()
#2 /home/izaus/IzausLab/LabTraining/Ci4/belajar-crud-api-ci4-anymhost/system/Database/BaseConnection.php(606): CodeIgniter\Database\BaseConnection->simpleQuery()
#3 /home/izaus/IzausLab/LabTraining/Ci4/belajar-crud-api-ci4-anymhost/system/Database/BaseBuilder.php(2309): CodeIgniter\Database\BaseConnection->query()
#4 /home/izaus/IzausLab/LabTraining/Ci4/belajar-crud-api-ci4-anymhost/system/Model.php(330): CodeIgniter\Database\BaseBuilder->insert()
#5 /home/izaus/IzausLab/LabTraining/Ci4/belajar-crud-api-ci4-anymhost/system/BaseModel.php(782): CodeIgniter\Model->doInsert()
#6 /home/izaus/IzausLab/LabTraining/Ci4/belajar-crud-api-ci4-anymhost/system/Model.php(730): CodeIgniter\BaseModel->insert()
#7 /home/izaus/IzausLab/LabTraining/Ci4/belajar-crud-api-ci4-anymhost/app/Controllers/Products.php(91): CodeIgniter\Model->insert()
#8 /home/izaus/IzausLab/LabTraining/Ci4/belajar-crud-api-ci4-anymhost/system/CodeIgniter.php(934): App\Controllers\Products->create()
#9 /home/izaus/IzausLab/LabTraining/Ci4/belajar-crud-api-ci4-anymhost/system/CodeIgniter.php(499): CodeIgniter\CodeIgniter->runController()
#10 /home/izaus/IzausLab/LabTraining/Ci4/belajar-crud-api-ci4-anymhost/system/CodeIgniter.php(368): CodeIgniter\CodeIgniter->handleRequest()
#11 /home/izaus/IzausLab/LabTraining/Ci4/belajar-crud-api-ci4-anymhost/public/index.php(67): CodeIgniter\CodeIgniter->run()
#12 /home/izaus/IzausLab/LabTraining/Ci4/belajar-crud-api-ci4-anymhost/system/Commands/Server/rewrite.php(47): require_once('...')
#13 {main}
CRITICAL - 2023-07-06 08:34:33 --> Column 'name' cannot be null
in SYSTEMPATH/Database/MySQLi/Connection.php on line 295.
 1 SYSTEMPATH/Database/MySQLi/Connection.php(295): mysqli->query()
 2 SYSTEMPATH/Database/BaseConnection.php(692): CodeIgniter\Database\MySQLi\Connection->execute()
 3 SYSTEMPATH/Database/BaseConnection.php(606): CodeIgniter\Database\BaseConnection->simpleQuery()
 4 SYSTEMPATH/Database/BaseBuilder.php(2309): CodeIgniter\Database\BaseConnection->query()
 5 SYSTEMPATH/Model.php(330): CodeIgniter\Database\BaseBuilder->insert()
 6 SYSTEMPATH/BaseModel.php(782): CodeIgniter\Model->doInsert()
 7 SYSTEMPATH/Model.php(730): CodeIgniter\BaseModel->insert()
 8 APPPATH/Controllers/Products.php(91): CodeIgniter\Model->insert()
 9 SYSTEMPATH/CodeIgniter.php(934): App\Controllers\Products->create()
10 SYSTEMPATH/CodeIgniter.php(499): CodeIgniter\CodeIgniter->runController()
11 SYSTEMPATH/CodeIgniter.php(368): CodeIgniter\CodeIgniter->handleRequest()
12 FCPATH/index.php(67): CodeIgniter\CodeIgniter->run()
13 SYSTEMPATH/Commands/Server/rewrite.php(47): require_once('/home/izaus/IzausLab/LabTraining/Ci4/belajar-crud-api-ci4-anymhost/public/index.php')
ERROR - 2023-07-06 08:35:15 --> mysqli_sql_exception: Column 'name' cannot be null in /home/izaus/IzausLab/LabTraining/Ci4/belajar-crud-api-ci4-anymhost/system/Database/MySQLi/Connection.php:295
Stack trace:
#0 /home/izaus/IzausLab/LabTraining/Ci4/belajar-crud-api-ci4-anymhost/system/Database/MySQLi/Connection.php(295): mysqli->query()
#1 /home/izaus/IzausLab/LabTraining/Ci4/belajar-crud-api-ci4-anymhost/system/Database/BaseConnection.php(692): CodeIgniter\Database\MySQLi\Connection->execute()
#2 /home/izaus/IzausLab/LabTraining/Ci4/belajar-crud-api-ci4-anymhost/system/Database/BaseConnection.php(606): CodeIgniter\Database\BaseConnection->simpleQuery()
#3 /home/izaus/IzausLab/LabTraining/Ci4/belajar-crud-api-ci4-anymhost/system/Database/BaseBuilder.php(2309): CodeIgniter\Database\BaseConnection->query()
#4 /home/izaus/IzausLab/LabTraining/Ci4/belajar-crud-api-ci4-anymhost/system/Model.php(330): CodeIgniter\Database\BaseBuilder->insert()
#5 /home/izaus/IzausLab/LabTraining/Ci4/belajar-crud-api-ci4-anymhost/system/BaseModel.php(782): CodeIgniter\Model->doInsert()
#6 /home/izaus/IzausLab/LabTraining/Ci4/belajar-crud-api-ci4-anymhost/system/Model.php(730): CodeIgniter\BaseModel->insert()
#7 /home/izaus/IzausLab/LabTraining/Ci4/belajar-crud-api-ci4-anymhost/app/Controllers/Products.php(91): CodeIgniter\Model->insert()
#8 /home/izaus/IzausLab/LabTraining/Ci4/belajar-crud-api-ci4-anymhost/system/CodeIgniter.php(934): App\Controllers\Products->create()
#9 /home/izaus/IzausLab/LabTraining/Ci4/belajar-crud-api-ci4-anymhost/system/CodeIgniter.php(499): CodeIgniter\CodeIgniter->runController()
#10 /home/izaus/IzausLab/LabTraining/Ci4/belajar-crud-api-ci4-anymhost/system/CodeIgniter.php(368): CodeIgniter\CodeIgniter->handleRequest()
#11 /home/izaus/IzausLab/LabTraining/Ci4/belajar-crud-api-ci4-anymhost/public/index.php(67): CodeIgniter\CodeIgniter->run()
#12 /home/izaus/IzausLab/LabTraining/Ci4/belajar-crud-api-ci4-anymhost/system/Commands/Server/rewrite.php(47): require_once('...')
#13 {main}
CRITICAL - 2023-07-06 08:35:15 --> Column 'name' cannot be null
in SYSTEMPATH/Database/MySQLi/Connection.php on line 295.
 1 SYSTEMPATH/Database/MySQLi/Connection.php(295): mysqli->query()
 2 SYSTEMPATH/Database/BaseConnection.php(692): CodeIgniter\Database\MySQLi\Connection->execute()
 3 SYSTEMPATH/Database/BaseConnection.php(606): CodeIgniter\Database\BaseConnection->simpleQuery()
 4 SYSTEMPATH/Database/BaseBuilder.php(2309): CodeIgniter\Database\BaseConnection->query()
 5 SYSTEMPATH/Model.php(330): CodeIgniter\Database\BaseBuilder->insert()
 6 SYSTEMPATH/BaseModel.php(782): CodeIgniter\Model->doInsert()
 7 SYSTEMPATH/Model.php(730): CodeIgniter\BaseModel->insert()
 8 APPPATH/Controllers/Products.php(91): CodeIgniter\Model->insert()
 9 SYSTEMPATH/CodeIgniter.php(934): App\Controllers\Products->create()
10 SYSTEMPATH/CodeIgniter.php(499): CodeIgniter\CodeIgniter->runController()
11 SYSTEMPATH/CodeIgniter.php(368): CodeIgniter\CodeIgniter->handleRequest()
12 FCPATH/index.php(67): CodeIgniter\CodeIgniter->run()
13 SYSTEMPATH/Commands/Server/rewrite.php(47): require_once('/home/izaus/IzausLab/LabTraining/Ci4/belajar-crud-api-ci4-anymhost/public/index.php')
ERROR - 2023-07-06 08:39:25 --> mysqli_sql_exception: Column 'name' cannot be null in /home/izaus/IzausLab/LabTraining/Ci4/belajar-crud-api-ci4-anymhost/system/Database/MySQLi/Connection.php:295
Stack trace:
#0 /home/izaus/IzausLab/LabTraining/Ci4/belajar-crud-api-ci4-anymhost/system/Database/MySQLi/Connection.php(295): mysqli->query()
#1 /home/izaus/IzausLab/LabTraining/Ci4/belajar-crud-api-ci4-anymhost/system/Database/BaseConnection.php(692): CodeIgniter\Database\MySQLi\Connection->execute()
#2 /home/izaus/IzausLab/LabTraining/Ci4/belajar-crud-api-ci4-anymhost/system/Database/BaseConnection.php(606): CodeIgniter\Database\BaseConnection->simpleQuery()
#3 /home/izaus/IzausLab/LabTraining/Ci4/belajar-crud-api-ci4-anymhost/system/Database/BaseBuilder.php(2309): CodeIgniter\Database\BaseConnection->query()
#4 /home/izaus/IzausLab/LabTraining/Ci4/belajar-crud-api-ci4-anymhost/system/Model.php(330): CodeIgniter\Database\BaseBuilder->insert()
#5 /home/izaus/IzausLab/LabTraining/Ci4/belajar-crud-api-ci4-anymhost/system/BaseModel.php(782): CodeIgniter\Model->doInsert()
#6 /home/izaus/IzausLab/LabTraining/Ci4/belajar-crud-api-ci4-anymhost/system/Model.php(730): CodeIgniter\BaseModel->insert()
#7 /home/izaus/IzausLab/LabTraining/Ci4/belajar-crud-api-ci4-anymhost/app/Controllers/Products.php(91): CodeIgniter\Model->insert()
#8 /home/izaus/IzausLab/LabTraining/Ci4/belajar-crud-api-ci4-anymhost/system/CodeIgniter.php(934): App\Controllers\Products->create()
#9 /home/izaus/IzausLab/LabTraining/Ci4/belajar-crud-api-ci4-anymhost/system/CodeIgniter.php(499): CodeIgniter\CodeIgniter->runController()
#10 /home/izaus/IzausLab/LabTraining/Ci4/belajar-crud-api-ci4-anymhost/system/CodeIgniter.php(368): CodeIgniter\CodeIgniter->handleRequest()
#11 /home/izaus/IzausLab/LabTraining/Ci4/belajar-crud-api-ci4-anymhost/public/index.php(67): CodeIgniter\CodeIgniter->run()
#12 /home/izaus/IzausLab/LabTraining/Ci4/belajar-crud-api-ci4-anymhost/system/Commands/Server/rewrite.php(47): require_once('...')
#13 {main}
CRITICAL - 2023-07-06 08:39:25 --> Column 'name' cannot be null
in SYSTEMPATH/Database/MySQLi/Connection.php on line 295.
 1 SYSTEMPATH/Database/MySQLi/Connection.php(295): mysqli->query()
 2 SYSTEMPATH/Database/BaseConnection.php(692): CodeIgniter\Database\MySQLi\Connection->execute()
 3 SYSTEMPATH/Database/BaseConnection.php(606): CodeIgniter\Database\BaseConnection->simpleQuery()
 4 SYSTEMPATH/Database/BaseBuilder.php(2309): CodeIgniter\Database\BaseConnection->query()
 5 SYSTEMPATH/Model.php(330): CodeIgniter\Database\BaseBuilder->insert()
 6 SYSTEMPATH/BaseModel.php(782): CodeIgniter\Model->doInsert()
 7 SYSTEMPATH/Model.php(730): CodeIgniter\BaseModel->insert()
 8 APPPATH/Controllers/Products.php(91): CodeIgniter\Model->insert()
 9 SYSTEMPATH/CodeIgniter.php(934): App\Controllers\Products->create()
10 SYSTEMPATH/CodeIgniter.php(499): CodeIgniter\CodeIgniter->runController()
11 SYSTEMPATH/CodeIgniter.php(368): CodeIgniter\CodeIgniter->handleRequest()
12 FCPATH/index.php(67): CodeIgniter\CodeIgniter->run()
13 SYSTEMPATH/Commands/Server/rewrite.php(47): require_once('/home/izaus/IzausLab/LabTraining/Ci4/belajar-crud-api-ci4-anymhost/public/index.php')
ERROR - 2023-07-06 08:41:24 --> mysqli_sql_exception: Column 'name' cannot be null in /home/izaus/IzausLab/LabTraining/Ci4/belajar-crud-api-ci4-anymhost/system/Database/MySQLi/Connection.php:295
Stack trace:
#0 /home/izaus/IzausLab/LabTraining/Ci4/belajar-crud-api-ci4-anymhost/system/Database/MySQLi/Connection.php(295): mysqli->query()
#1 /home/izaus/IzausLab/LabTraining/Ci4/belajar-crud-api-ci4-anymhost/system/Database/BaseConnection.php(692): CodeIgniter\Database\MySQLi\Connection->execute()
#2 /home/izaus/IzausLab/LabTraining/Ci4/belajar-crud-api-ci4-anymhost/system/Database/BaseConnection.php(606): CodeIgniter\Database\BaseConnection->simpleQuery()
#3 /home/izaus/IzausLab/LabTraining/Ci4/belajar-crud-api-ci4-anymhost/system/Database/BaseBuilder.php(2309): CodeIgniter\Database\BaseConnection->query()
#4 /home/izaus/IzausLab/LabTraining/Ci4/belajar-crud-api-ci4-anymhost/system/Model.php(330): CodeIgniter\Database\BaseBuilder->insert()
#5 /home/izaus/IzausLab/LabTraining/Ci4/belajar-crud-api-ci4-anymhost/system/BaseModel.php(782): CodeIgniter\Model->doInsert()
#6 /home/izaus/IzausLab/LabTraining/Ci4/belajar-crud-api-ci4-anymhost/system/Model.php(730): CodeIgniter\BaseModel->insert()
#7 /home/izaus/IzausLab/LabTraining/Ci4/belajar-crud-api-ci4-anymhost/app/Controllers/Products.php(91): CodeIgniter\Model->insert()
#8 /home/izaus/IzausLab/LabTraining/Ci4/belajar-crud-api-ci4-anymhost/system/CodeIgniter.php(934): App\Controllers\Products->create()
#9 /home/izaus/IzausLab/LabTraining/Ci4/belajar-crud-api-ci4-anymhost/system/CodeIgniter.php(499): CodeIgniter\CodeIgniter->runController()
#10 /home/izaus/IzausLab/LabTraining/Ci4/belajar-crud-api-ci4-anymhost/system/CodeIgniter.php(368): CodeIgniter\CodeIgniter->handleRequest()
#11 /home/izaus/IzausLab/LabTraining/Ci4/belajar-crud-api-ci4-anymhost/public/index.php(67): CodeIgniter\CodeIgniter->run()
#12 /home/izaus/IzausLab/LabTraining/Ci4/belajar-crud-api-ci4-anymhost/system/Commands/Server/rewrite.php(47): require_once('...')
#13 {main}
CRITICAL - 2023-07-06 08:41:24 --> Column 'name' cannot be null
in SYSTEMPATH/Database/MySQLi/Connection.php on line 295.
 1 SYSTEMPATH/Database/MySQLi/Connection.php(295): mysqli->query()
 2 SYSTEMPATH/Database/BaseConnection.php(692): CodeIgniter\Database\MySQLi\Connection->execute()
 3 SYSTEMPATH/Database/BaseConnection.php(606): CodeIgniter\Database\BaseConnection->simpleQuery()
 4 SYSTEMPATH/Database/BaseBuilder.php(2309): CodeIgniter\Database\BaseConnection->query()
 5 SYSTEMPATH/Model.php(330): CodeIgniter\Database\BaseBuilder->insert()
 6 SYSTEMPATH/BaseModel.php(782): CodeIgniter\Model->doInsert()
 7 SYSTEMPATH/Model.php(730): CodeIgniter\BaseModel->insert()
 8 APPPATH/Controllers/Products.php(91): CodeIgniter\Model->insert()
 9 SYSTEMPATH/CodeIgniter.php(934): App\Controllers\Products->create()
10 SYSTEMPATH/CodeIgniter.php(499): CodeIgniter\CodeIgniter->runController()
11 SYSTEMPATH/CodeIgniter.php(368): CodeIgniter\CodeIgniter->handleRequest()
12 FCPATH/index.php(67): CodeIgniter\CodeIgniter->run()
13 SYSTEMPATH/Commands/Server/rewrite.php(47): require_once('/home/izaus/IzausLab/LabTraining/Ci4/belajar-crud-api-ci4-anymhost/public/index.php')
ERROR - 2023-07-06 08:42:55 --> mysqli_sql_exception: Column 'name' cannot be null in /home/izaus/IzausLab/LabTraining/Ci4/belajar-crud-api-ci4-anymhost/system/Database/MySQLi/Connection.php:295
Stack trace:
#0 /home/izaus/IzausLab/LabTraining/Ci4/belajar-crud-api-ci4-anymhost/system/Database/MySQLi/Connection.php(295): mysqli->query()
#1 /home/izaus/IzausLab/LabTraining/Ci4/belajar-crud-api-ci4-anymhost/system/Database/BaseConnection.php(692): CodeIgniter\Database\MySQLi\Connection->execute()
#2 /home/izaus/IzausLab/LabTraining/Ci4/belajar-crud-api-ci4-anymhost/system/Database/BaseConnection.php(606): CodeIgniter\Database\BaseConnection->simpleQuery()
#3 /home/izaus/IzausLab/LabTraining/Ci4/belajar-crud-api-ci4-anymhost/system/Database/BaseBuilder.php(2309): CodeIgniter\Database\BaseConnection->query()
#4 /home/izaus/IzausLab/LabTraining/Ci4/belajar-crud-api-ci4-anymhost/system/Model.php(330): CodeIgniter\Database\BaseBuilder->insert()
#5 /home/izaus/IzausLab/LabTraining/Ci4/belajar-crud-api-ci4-anymhost/system/BaseModel.php(782): CodeIgniter\Model->doInsert()
#6 /home/izaus/IzausLab/LabTraining/Ci4/belajar-crud-api-ci4-anymhost/system/Model.php(730): CodeIgniter\BaseModel->insert()
#7 /home/izaus/IzausLab/LabTraining/Ci4/belajar-crud-api-ci4-anymhost/app/Controllers/Products.php(72): CodeIgniter\Model->insert()
#8 /home/izaus/IzausLab/LabTraining/Ci4/belajar-crud-api-ci4-anymhost/system/CodeIgniter.php(934): App\Controllers\Products->create()
#9 /home/izaus/IzausLab/LabTraining/Ci4/belajar-crud-api-ci4-anymhost/system/CodeIgniter.php(499): CodeIgniter\CodeIgniter->runController()
#10 /home/izaus/IzausLab/LabTraining/Ci4/belajar-crud-api-ci4-anymhost/system/CodeIgniter.php(368): CodeIgniter\CodeIgniter->handleRequest()
#11 /home/izaus/IzausLab/LabTraining/Ci4/belajar-crud-api-ci4-anymhost/public/index.php(67): CodeIgniter\CodeIgniter->run()
#12 /home/izaus/IzausLab/LabTraining/Ci4/belajar-crud-api-ci4-anymhost/system/Commands/Server/rewrite.php(47): require_once('...')
#13 {main}
CRITICAL - 2023-07-06 08:42:55 --> Column 'name' cannot be null
in SYSTEMPATH/Database/MySQLi/Connection.php on line 295.
 1 SYSTEMPATH/Database/MySQLi/Connection.php(295): mysqli->query()
 2 SYSTEMPATH/Database/BaseConnection.php(692): CodeIgniter\Database\MySQLi\Connection->execute()
 3 SYSTEMPATH/Database/BaseConnection.php(606): CodeIgniter\Database\BaseConnection->simpleQuery()
 4 SYSTEMPATH/Database/BaseBuilder.php(2309): CodeIgniter\Database\BaseConnection->query()
 5 SYSTEMPATH/Model.php(330): CodeIgniter\Database\BaseBuilder->insert()
 6 SYSTEMPATH/BaseModel.php(782): CodeIgniter\Model->doInsert()
 7 SYSTEMPATH/Model.php(730): CodeIgniter\BaseModel->insert()
 8 APPPATH/Controllers/Products.php(72): CodeIgniter\Model->insert()
 9 SYSTEMPATH/CodeIgniter.php(934): App\Controllers\Products->create()
10 SYSTEMPATH/CodeIgniter.php(499): CodeIgniter\CodeIgniter->runController()
11 SYSTEMPATH/CodeIgniter.php(368): CodeIgniter\CodeIgniter->handleRequest()
12 FCPATH/index.php(67): CodeIgniter\CodeIgniter->run()
13 SYSTEMPATH/Commands/Server/rewrite.php(47): require_once('/home/izaus/IzausLab/LabTraining/Ci4/belajar-crud-api-ci4-anymhost/public/index.php')
CRITICAL - 2023-07-06 08:49:03 --> CodeIgniter\Validation\Validation::run(): Argument #1 ($data) must be of type ?array, stdClass given, called in /home/izaus/IzausLab/LabTraining/Ci4/belajar-crud-api-ci4-anymhost/app/Controllers/Products.php on line 77
in SYSTEMPATH/Validation/Validation.php on line 120.
 1 APPPATH/Controllers/Products.php(77): CodeIgniter\Validation\Validation->run()
 2 SYSTEMPATH/CodeIgniter.php(934): App\Controllers\Products->create()
 3 SYSTEMPATH/CodeIgniter.php(499): CodeIgniter\CodeIgniter->runController()
 4 SYSTEMPATH/CodeIgniter.php(368): CodeIgniter\CodeIgniter->handleRequest()
 5 FCPATH/index.php(67): CodeIgniter\CodeIgniter->run()
 6 SYSTEMPATH/Commands/Server/rewrite.php(47): require_once('/home/izaus/IzausLab/LabTraining/Ci4/belajar-crud-api-ci4-anymhost/public/index.php')
CRITICAL - 2023-07-06 08:49:47 --> CodeIgniter\Validation\Validation::run(): Argument #1 ($data) must be of type ?array, stdClass given, called in /home/izaus/IzausLab/LabTraining/Ci4/belajar-crud-api-ci4-anymhost/app/Controllers/Products.php on line 77
in SYSTEMPATH/Validation/Validation.php on line 120.
 1 APPPATH/Controllers/Products.php(77): CodeIgniter\Validation\Validation->run()
 2 SYSTEMPATH/CodeIgniter.php(934): App\Controllers\Products->create()
 3 SYSTEMPATH/CodeIgniter.php(499): CodeIgniter\CodeIgniter->runController()
 4 SYSTEMPATH/CodeIgniter.php(368): CodeIgniter\CodeIgniter->handleRequest()
 5 FCPATH/index.php(67): CodeIgniter\CodeIgniter->run()
 6 SYSTEMPATH/Commands/Server/rewrite.php(47): require_once('/home/izaus/IzausLab/LabTraining/Ci4/belajar-crud-api-ci4-anymhost/public/index.php')
