ERROR - 2023-07-07 10:45:22 --> mysqli_sql_exception: Table 'products' already exists in /home/izaus/IzausLab/LabTraining/Ci4/belajar-crud-api-ci4-anymhost/system/Database/MySQLi/Connection.php:295
Stack trace:
#0 /home/izaus/IzausLab/LabTraining/Ci4/belajar-crud-api-ci4-anymhost/system/Database/MySQLi/Connection.php(295): mysqli->query()
#1 /home/izaus/IzausLab/LabTraining/Ci4/belajar-crud-api-ci4-anymhost/system/Database/BaseConnection.php(692): CodeIgniter\Database\MySQLi\Connection->execute()
#2 /home/izaus/IzausLab/LabTraining/Ci4/belajar-crud-api-ci4-anymhost/system/Database/BaseConnection.php(606): CodeIgniter\Database\BaseConnection->simpleQuery()
#3 /home/izaus/IzausLab/LabTraining/Ci4/belajar-crud-api-ci4-anymhost/system/Database/Forge.php(546): CodeIgniter\Database\BaseConnection->query()
#4 /home/izaus/IzausLab/LabTraining/Ci4/belajar-crud-api-ci4-anymhost/app/Database/Migrations/2023-07-06-072338_Products.php(28): CodeIgniter\Database\Forge->createTable()
#5 /home/izaus/IzausLab/LabTraining/Ci4/belajar-crud-api-ci4-anymhost/system/Database/MigrationRunner.php(877): App\Database\Migrations\Products->up()
#6 /home/izaus/IzausLab/LabTraining/Ci4/belajar-crud-api-ci4-anymhost/system/Database/MigrationRunner.php(188): CodeIgniter\Database\MigrationRunner->migrate()
#7 /home/izaus/IzausLab/LabTraining/Ci4/belajar-crud-api-ci4-anymhost/system/Commands/Database/Migrate.php(84): CodeIgniter\Database\MigrationRunner->latest()
#8 /home/izaus/IzausLab/LabTraining/Ci4/belajar-crud-api-ci4-anymhost/system/CLI/Commands.php(65): CodeIgniter\Commands\Database\Migrate->run()
#9 /home/izaus/IzausLab/LabTraining/Ci4/belajar-crud-api-ci4-anymhost/system/CLI/BaseCommand.php(114): CodeIgniter\CLI\Commands->run()
#10 /home/izaus/IzausLab/LabTraining/Ci4/belajar-crud-api-ci4-anymhost/system/Commands/Database/MigrateRefresh.php(85): CodeIgniter\CLI\BaseCommand->call()
#11 /home/izaus/IzausLab/LabTraining/Ci4/belajar-crud-api-ci4-anymhost/system/CLI/Commands.php(65): CodeIgniter\Commands\Database\MigrateRefresh->run()
#12 /home/izaus/IzausLab/LabTraining/Ci4/belajar-crud-api-ci4-anymhost/system/CLI/Console.php(37): CodeIgniter\CLI\Commands->run()
#13 /home/izaus/IzausLab/LabTraining/Ci4/belajar-crud-api-ci4-anymhost/spark(97): CodeIgniter\CLI\Console->run()
#14 {main}
ERROR - 2023-07-07 10:46:59 --> mysqli_sql_exception: Table 'products' already exists in /home/izaus/IzausLab/LabTraining/Ci4/belajar-crud-api-ci4-anymhost/system/Database/MySQLi/Connection.php:295
Stack trace:
#0 /home/izaus/IzausLab/LabTraining/Ci4/belajar-crud-api-ci4-anymhost/system/Database/MySQLi/Connection.php(295): mysqli->query()
#1 /home/izaus/IzausLab/LabTraining/Ci4/belajar-crud-api-ci4-anymhost/system/Database/BaseConnection.php(692): CodeIgniter\Database\MySQLi\Connection->execute()
#2 /home/izaus/IzausLab/LabTraining/Ci4/belajar-crud-api-ci4-anymhost/system/Database/BaseConnection.php(606): CodeIgniter\Database\BaseConnection->simpleQuery()
#3 /home/izaus/IzausLab/LabTraining/Ci4/belajar-crud-api-ci4-anymhost/system/Database/Forge.php(546): CodeIgniter\Database\BaseConnection->query()
#4 /home/izaus/IzausLab/LabTraining/Ci4/belajar-crud-api-ci4-anymhost/app/Database/Migrations/2023-07-06-072338_Products.php(28): CodeIgniter\Database\Forge->createTable()
#5 /home/izaus/IzausLab/LabTraining/Ci4/belajar-crud-api-ci4-anymhost/system/Database/MigrationRunner.php(877): App\Database\Migrations\Products->up()
#6 /home/izaus/IzausLab/LabTraining/Ci4/belajar-crud-api-ci4-anymhost/system/Database/MigrationRunner.php(188): CodeIgniter\Database\MigrationRunner->migrate()
#7 /home/izaus/IzausLab/LabTraining/Ci4/belajar-crud-api-ci4-anymhost/system/Commands/Database/Migrate.php(84): CodeIgniter\Database\MigrationRunner->latest()
#8 /home/izaus/IzausLab/LabTraining/Ci4/belajar-crud-api-ci4-anymhost/system/CLI/Commands.php(65): CodeIgniter\Commands\Database\Migrate->run()
#9 /home/izaus/IzausLab/LabTraining/Ci4/belajar-crud-api-ci4-anymhost/system/CLI/BaseCommand.php(114): CodeIgniter\CLI\Commands->run()
#10 /home/izaus/IzausLab/LabTraining/Ci4/belajar-crud-api-ci4-anymhost/system/Commands/Database/MigrateRefresh.php(85): CodeIgniter\CLI\BaseCommand->call()
#11 /home/izaus/IzausLab/LabTraining/Ci4/belajar-crud-api-ci4-anymhost/system/CLI/Commands.php(65): CodeIgniter\Commands\Database\MigrateRefresh->run()
#12 /home/izaus/IzausLab/LabTraining/Ci4/belajar-crud-api-ci4-anymhost/system/CLI/Console.php(37): CodeIgniter\CLI\Commands->run()
#13 /home/izaus/IzausLab/LabTraining/Ci4/belajar-crud-api-ci4-anymhost/spark(97): CodeIgniter\CLI\Console->run()
#14 {main}
CRITICAL - 2023-07-07 12:22:49 --> CodeIgniter\Router\RouteCollection::group(): Argument #1 ($name) must be of type string, array given, called in /home/izaus/IzausLab/LabTraining/Ci4/belajar-crud-api-ci4-anymhost/app/Config/Routes.php on line 49
in SYSTEMPATH/Router/RouteCollection.php on line 659.
 1 APPPATH/Config/Routes.php(49): CodeIgniter\Router\RouteCollection->group()
 2 SYSTEMPATH/Router/RouteCollection.php(267): require('/home/izaus/IzausLab/LabTraining/Ci4/belajar-crud-api-ci4-anymhost/app/Config/Routes.php')
 3 SYSTEMPATH/CodeIgniter.php(802): CodeIgniter\Router\RouteCollection->loadRoutes()
 4 SYSTEMPATH/CodeIgniter.php(449): CodeIgniter\CodeIgniter->tryToRouteIt()
 5 SYSTEMPATH/CodeIgniter.php(368): CodeIgniter\CodeIgniter->handleRequest()
 6 FCPATH/index.php(67): CodeIgniter\CodeIgniter->run()
 7 SYSTEMPATH/Commands/Server/rewrite.php(47): require_once('/home/izaus/IzausLab/LabTraining/Ci4/belajar-crud-api-ci4-anymhost/public/index.php')
CRITICAL - 2023-07-07 12:24:25 --> Class "App\Controllers\Services" not found
in APPPATH/Controllers/AuthController.php on line 29.
 1 SYSTEMPATH/CodeIgniter.php(934): App\Controllers\AuthController->register()
 2 SYSTEMPATH/CodeIgniter.php(499): CodeIgniter\CodeIgniter->runController()
 3 SYSTEMPATH/CodeIgniter.php(368): CodeIgniter\CodeIgniter->handleRequest()
 4 FCPATH/index.php(67): CodeIgniter\CodeIgniter->run()
 5 SYSTEMPATH/Commands/Server/rewrite.php(47): require_once('/home/izaus/IzausLab/LabTraining/Ci4/belajar-crud-api-ci4-anymhost/public/index.php')
CRITICAL - 2023-07-07 12:26:08 --> Class "App\Controllers\Services" not found
in APPPATH/Controllers/AuthController.php on line 29.
 1 SYSTEMPATH/CodeIgniter.php(934): App\Controllers\AuthController->register()
 2 SYSTEMPATH/CodeIgniter.php(499): CodeIgniter\CodeIgniter->runController()
 3 SYSTEMPATH/CodeIgniter.php(368): CodeIgniter\CodeIgniter->handleRequest()
 4 FCPATH/index.php(67): CodeIgniter\CodeIgniter->run()
 5 SYSTEMPATH/Commands/Server/rewrite.php(47): require_once('/home/izaus/IzausLab/LabTraining/Ci4/belajar-crud-api-ci4-anymhost/public/index.php')
CRITICAL - 2023-07-07 12:30:41 --> Class "App\Controllers\Services" not found
in APPPATH/Controllers/AuthController.php on line 29.
 1 SYSTEMPATH/CodeIgniter.php(934): App\Controllers\AuthController->register()
 2 SYSTEMPATH/CodeIgniter.php(499): CodeIgniter\CodeIgniter->runController()
 3 SYSTEMPATH/CodeIgniter.php(368): CodeIgniter\CodeIgniter->handleRequest()
 4 FCPATH/index.php(67): CodeIgniter\CodeIgniter->run()
 5 SYSTEMPATH/Commands/Server/rewrite.php(47): require_once('/home/izaus/IzausLab/LabTraining/Ci4/belajar-crud-api-ci4-anymhost/public/index.php')
CRITICAL - 2023-07-07 12:41:29 --> Too few arguments to function Firebase\JWT\JWT::encode(), 2 passed in /home/izaus/IzausLab/LabTraining/Ci4/belajar-crud-api-ci4-anymhost/app/Controllers/AuthController.php on line 128 and at least 3 expected
in VENDORPATH/firebase/php-jwt/src/JWT.php on line 193.
 1 APPPATH/Controllers/AuthController.php(128): Firebase\JWT\JWT::encode()
 2 APPPATH/Controllers/AuthController.php(86): App\Controllers\AuthController->generateAccessToken()
 3 SYSTEMPATH/CodeIgniter.php(934): App\Controllers\AuthController->login()
 4 SYSTEMPATH/CodeIgniter.php(499): CodeIgniter\CodeIgniter->runController()
 5 SYSTEMPATH/CodeIgniter.php(368): CodeIgniter\CodeIgniter->handleRequest()
 6 FCPATH/index.php(67): CodeIgniter\CodeIgniter->run()
 7 SYSTEMPATH/Commands/Server/rewrite.php(47): require_once('/home/izaus/IzausLab/LabTraining/Ci4/belajar-crud-api-ci4-anymhost/public/index.php')
CRITICAL - 2023-07-07 12:43:18 --> "auth" filter must have a matching alias defined.
in SYSTEMPATH/Filters/Filters.php on line 340.
 1 SYSTEMPATH/Filters/Filters.php(340): CodeIgniter\Filters\Exceptions\FilterException::forNoAlias()
 2 SYSTEMPATH/CodeIgniter.php(466): CodeIgniter\Filters\Filters->enableFilter()
 3 SYSTEMPATH/CodeIgniter.php(368): CodeIgniter\CodeIgniter->handleRequest()
 4 FCPATH/index.php(67): CodeIgniter\CodeIgniter->run()
 5 SYSTEMPATH/Commands/Server/rewrite.php(47): require_once('/home/izaus/IzausLab/LabTraining/Ci4/belajar-crud-api-ci4-anymhost/public/index.php')
CRITICAL - 2023-07-07 12:44:07 --> "auth" filter must have a matching alias defined.
in SYSTEMPATH/Filters/Filters.php on line 340.
 1 SYSTEMPATH/Filters/Filters.php(340): CodeIgniter\Filters\Exceptions\FilterException::forNoAlias()
 2 SYSTEMPATH/CodeIgniter.php(466): CodeIgniter\Filters\Filters->enableFilter()
 3 SYSTEMPATH/CodeIgniter.php(368): CodeIgniter\CodeIgniter->handleRequest()
 4 FCPATH/index.php(67): CodeIgniter\CodeIgniter->run()
 5 SYSTEMPATH/Commands/Server/rewrite.php(47): require_once('/home/izaus/IzausLab/LabTraining/Ci4/belajar-crud-api-ci4-anymhost/public/index.php')
CRITICAL - 2023-07-07 12:44:38 --> "auth" filter must have a matching alias defined.
in SYSTEMPATH/Filters/Filters.php on line 340.
 1 SYSTEMPATH/Filters/Filters.php(340): CodeIgniter\Filters\Exceptions\FilterException::forNoAlias()
 2 SYSTEMPATH/CodeIgniter.php(466): CodeIgniter\Filters\Filters->enableFilter()
 3 SYSTEMPATH/CodeIgniter.php(368): CodeIgniter\CodeIgniter->handleRequest()
 4 FCPATH/index.php(67): CodeIgniter\CodeIgniter->run()
 5 SYSTEMPATH/Commands/Server/rewrite.php(47): require_once('/home/izaus/IzausLab/LabTraining/Ci4/belajar-crud-api-ci4-anymhost/public/index.php')
CRITICAL - 2023-07-07 12:45:45 --> "auth" filter must have a matching alias defined.
in SYSTEMPATH/Filters/Filters.php on line 340.
 1 SYSTEMPATH/Filters/Filters.php(340): CodeIgniter\Filters\Exceptions\FilterException::forNoAlias()
 2 SYSTEMPATH/CodeIgniter.php(466): CodeIgniter\Filters\Filters->enableFilter()
 3 SYSTEMPATH/CodeIgniter.php(368): CodeIgniter\CodeIgniter->handleRequest()
 4 FCPATH/index.php(67): CodeIgniter\CodeIgniter->run()
 5 SYSTEMPATH/Commands/Server/rewrite.php(47): require_once('/home/izaus/IzausLab/LabTraining/Ci4/belajar-crud-api-ci4-anymhost/public/index.php')
CRITICAL - 2023-07-07 12:48:44 --> Firebase\JWT\JWT::decode(): Argument #3 ($headers) cannot be passed by reference
in APPPATH/Filters/Auth.php on line 31.
 1 SYSTEMPATH/Filters/Filters.php(173): App\Filters\Auth->before()
 2 SYSTEMPATH/CodeIgniter.php(473): CodeIgniter\Filters\Filters->run()
 3 SYSTEMPATH/CodeIgniter.php(368): CodeIgniter\CodeIgniter->handleRequest()
 4 FCPATH/index.php(67): CodeIgniter\CodeIgniter->run()
 5 SYSTEMPATH/Commands/Server/rewrite.php(47): require_once('/home/izaus/IzausLab/LabTraining/Ci4/belajar-crud-api-ci4-anymhost/public/index.php')
CRITICAL - 2023-07-07 12:50:12 --> Firebase\JWT\JWT::decode(): Argument #3 ($headers) cannot be passed by reference
in APPPATH/Filters/Auth.php on line 31.
 1 SYSTEMPATH/Filters/Filters.php(173): App\Filters\Auth->before()
 2 SYSTEMPATH/CodeIgniter.php(473): CodeIgniter\Filters\Filters->run()
 3 SYSTEMPATH/CodeIgniter.php(368): CodeIgniter\CodeIgniter->handleRequest()
 4 FCPATH/index.php(67): CodeIgniter\CodeIgniter->run()
 5 SYSTEMPATH/Commands/Server/rewrite.php(47): require_once('/home/izaus/IzausLab/LabTraining/Ci4/belajar-crud-api-ci4-anymhost/public/index.php')
CRITICAL - 2023-07-07 12:52:07 --> Firebase\JWT\JWT::decode(): Argument #3 ($headers) cannot be passed by reference
in APPPATH/Filters/Auth.php on line 31.
 1 SYSTEMPATH/Filters/Filters.php(173): App\Filters\Auth->before()
 2 SYSTEMPATH/CodeIgniter.php(473): CodeIgniter\Filters\Filters->run()
 3 SYSTEMPATH/CodeIgniter.php(368): CodeIgniter\CodeIgniter->handleRequest()
 4 FCPATH/index.php(67): CodeIgniter\CodeIgniter->run()
 5 SYSTEMPATH/Commands/Server/rewrite.php(47): require_once('/home/izaus/IzausLab/LabTraining/Ci4/belajar-crud-api-ci4-anymhost/public/index.php')
CRITICAL - 2023-07-07 12:52:34 --> Firebase\JWT\JWT::decode(): Argument #3 ($headers) cannot be passed by reference
in APPPATH/Filters/Auth.php on line 31.
 1 SYSTEMPATH/Filters/Filters.php(173): App\Filters\Auth->before()
 2 SYSTEMPATH/CodeIgniter.php(473): CodeIgniter\Filters\Filters->run()
 3 SYSTEMPATH/CodeIgniter.php(368): CodeIgniter\CodeIgniter->handleRequest()
 4 FCPATH/index.php(67): CodeIgniter\CodeIgniter->run()
 5 SYSTEMPATH/Commands/Server/rewrite.php(47): require_once('/home/izaus/IzausLab/LabTraining/Ci4/belajar-crud-api-ci4-anymhost/public/index.php')
CRITICAL - 2023-07-07 12:52:43 --> Firebase\JWT\JWT::decode(): Argument #3 ($headers) cannot be passed by reference
in APPPATH/Filters/Auth.php on line 31.
 1 SYSTEMPATH/Filters/Filters.php(173): App\Filters\Auth->before()
 2 SYSTEMPATH/CodeIgniter.php(473): CodeIgniter\Filters\Filters->run()
 3 SYSTEMPATH/CodeIgniter.php(368): CodeIgniter\CodeIgniter->handleRequest()
 4 FCPATH/index.php(67): CodeIgniter\CodeIgniter->run()
 5 SYSTEMPATH/Commands/Server/rewrite.php(47): require_once('/home/izaus/IzausLab/LabTraining/Ci4/belajar-crud-api-ci4-anymhost/public/index.php')
CRITICAL - 2023-07-07 12:53:20 --> Firebase\JWT\JWT::decode(): Argument #3 ($headers) cannot be passed by reference
in APPPATH/Filters/Auth.php on line 31.
 1 SYSTEMPATH/Filters/Filters.php(173): App\Filters\Auth->before()
 2 SYSTEMPATH/CodeIgniter.php(473): CodeIgniter\Filters\Filters->run()
 3 SYSTEMPATH/CodeIgniter.php(368): CodeIgniter\CodeIgniter->handleRequest()
 4 FCPATH/index.php(67): CodeIgniter\CodeIgniter->run()
 5 SYSTEMPATH/Commands/Server/rewrite.php(47): require_once('/home/izaus/IzausLab/LabTraining/Ci4/belajar-crud-api-ci4-anymhost/public/index.php')
CRITICAL - 2023-07-07 12:54:18 --> Firebase\JWT\JWT::decode(): Argument #3 ($headers) cannot be passed by reference
in APPPATH/Filters/Auth.php on line 31.
 1 SYSTEMPATH/Filters/Filters.php(173): App\Filters\Auth->before()
 2 SYSTEMPATH/CodeIgniter.php(473): CodeIgniter\Filters\Filters->run()
 3 SYSTEMPATH/CodeIgniter.php(368): CodeIgniter\CodeIgniter->handleRequest()
 4 FCPATH/index.php(67): CodeIgniter\CodeIgniter->run()
 5 SYSTEMPATH/Commands/Server/rewrite.php(47): require_once('/home/izaus/IzausLab/LabTraining/Ci4/belajar-crud-api-ci4-anymhost/public/index.php')
CRITICAL - 2023-07-07 12:56:18 --> Firebase\JWT\JWT::decode(): Argument #3 ($headers) cannot be passed by reference
in APPPATH/Filters/Auth.php on line 31.
 1 SYSTEMPATH/Filters/Filters.php(173): App\Filters\Auth->before()
 2 SYSTEMPATH/CodeIgniter.php(473): CodeIgniter\Filters\Filters->run()
 3 SYSTEMPATH/CodeIgniter.php(368): CodeIgniter\CodeIgniter->handleRequest()
 4 FCPATH/index.php(67): CodeIgniter\CodeIgniter->run()
 5 SYSTEMPATH/Commands/Server/rewrite.php(47): require_once('/home/izaus/IzausLab/LabTraining/Ci4/belajar-crud-api-ci4-anymhost/public/index.php')
CRITICAL - 2023-07-07 12:56:30 --> Firebase\JWT\JWT::decode(): Argument #3 ($headers) cannot be passed by reference
in APPPATH/Filters/Auth.php on line 31.
 1 SYSTEMPATH/Filters/Filters.php(173): App\Filters\Auth->before()
 2 SYSTEMPATH/CodeIgniter.php(473): CodeIgniter\Filters\Filters->run()
 3 SYSTEMPATH/CodeIgniter.php(368): CodeIgniter\CodeIgniter->handleRequest()
 4 FCPATH/index.php(67): CodeIgniter\CodeIgniter->run()
 5 SYSTEMPATH/Commands/Server/rewrite.php(47): require_once('/home/izaus/IzausLab/LabTraining/Ci4/belajar-crud-api-ci4-anymhost/public/index.php')
CRITICAL - 2023-07-07 12:56:32 --> Firebase\JWT\JWT::decode(): Argument #3 ($headers) cannot be passed by reference
in APPPATH/Filters/Auth.php on line 31.
 1 SYSTEMPATH/Filters/Filters.php(173): App\Filters\Auth->before()
 2 SYSTEMPATH/CodeIgniter.php(473): CodeIgniter\Filters\Filters->run()
 3 SYSTEMPATH/CodeIgniter.php(368): CodeIgniter\CodeIgniter->handleRequest()
 4 FCPATH/index.php(67): CodeIgniter\CodeIgniter->run()
 5 SYSTEMPATH/Commands/Server/rewrite.php(47): require_once('/home/izaus/IzausLab/LabTraining/Ci4/belajar-crud-api-ci4-anymhost/public/index.php')
CRITICAL - 2023-07-07 12:56:44 --> Firebase\JWT\JWT::decode(): Argument #3 ($headers) cannot be passed by reference
in APPPATH/Filters/Auth.php on line 31.
 1 SYSTEMPATH/Filters/Filters.php(173): App\Filters\Auth->before()
 2 SYSTEMPATH/CodeIgniter.php(473): CodeIgniter\Filters\Filters->run()
 3 SYSTEMPATH/CodeIgniter.php(368): CodeIgniter\CodeIgniter->handleRequest()
 4 FCPATH/index.php(67): CodeIgniter\CodeIgniter->run()
 5 SYSTEMPATH/Commands/Server/rewrite.php(47): require_once('/home/izaus/IzausLab/LabTraining/Ci4/belajar-crud-api-ci4-anymhost/public/index.php')
CRITICAL - 2023-07-07 12:57:35 --> Firebase\JWT\JWT::decode(): Argument #3 ($headers) cannot be passed by reference
in APPPATH/Filters/Auth.php on line 31.
 1 SYSTEMPATH/Filters/Filters.php(173): App\Filters\Auth->before()
 2 SYSTEMPATH/CodeIgniter.php(473): CodeIgniter\Filters\Filters->run()
 3 SYSTEMPATH/CodeIgniter.php(368): CodeIgniter\CodeIgniter->handleRequest()
 4 FCPATH/index.php(67): CodeIgniter\CodeIgniter->run()
 5 SYSTEMPATH/Commands/Server/rewrite.php(47): require_once('/home/izaus/IzausLab/LabTraining/Ci4/belajar-crud-api-ci4-anymhost/public/index.php')
CRITICAL - 2023-07-07 12:58:02 --> Firebase\JWT\JWT::decode(): Argument #3 ($headers) cannot be passed by reference
in APPPATH/Filters/Auth.php on line 31.
 1 SYSTEMPATH/Filters/Filters.php(173): App\Filters\Auth->before()
 2 SYSTEMPATH/CodeIgniter.php(473): CodeIgniter\Filters\Filters->run()
 3 SYSTEMPATH/CodeIgniter.php(368): CodeIgniter\CodeIgniter->handleRequest()
 4 FCPATH/index.php(67): CodeIgniter\CodeIgniter->run()
 5 SYSTEMPATH/Commands/Server/rewrite.php(47): require_once('/home/izaus/IzausLab/LabTraining/Ci4/belajar-crud-api-ci4-anymhost/public/index.php')
CRITICAL - 2023-07-07 12:58:45 --> Firebase\JWT\JWT::decode(): Argument #3 ($headers) cannot be passed by reference
in APPPATH/Filters/Auth.php on line 31.
 1 SYSTEMPATH/Filters/Filters.php(173): App\Filters\Auth->before()
 2 SYSTEMPATH/CodeIgniter.php(473): CodeIgniter\Filters\Filters->run()
 3 SYSTEMPATH/CodeIgniter.php(368): CodeIgniter\CodeIgniter->handleRequest()
 4 FCPATH/index.php(67): CodeIgniter\CodeIgniter->run()
 5 SYSTEMPATH/Commands/Server/rewrite.php(47): require_once('/home/izaus/IzausLab/LabTraining/Ci4/belajar-crud-api-ci4-anymhost/public/index.php')
CRITICAL - 2023-07-07 12:59:30 --> Firebase\JWT\JWT::decode(): Argument #3 ($headers) cannot be passed by reference
in APPPATH/Filters/Auth.php on line 31.
 1 SYSTEMPATH/Filters/Filters.php(173): App\Filters\Auth->before()
 2 SYSTEMPATH/CodeIgniter.php(473): CodeIgniter\Filters\Filters->run()
 3 SYSTEMPATH/CodeIgniter.php(368): CodeIgniter\CodeIgniter->handleRequest()
 4 FCPATH/index.php(67): CodeIgniter\CodeIgniter->run()
 5 SYSTEMPATH/Commands/Server/rewrite.php(47): require_once('/home/izaus/IzausLab/LabTraining/Ci4/belajar-crud-api-ci4-anymhost/public/index.php')
CRITICAL - 2023-07-07 12:59:34 --> Undefined property: App\Filters\Auth::$response
in SYSTEMPATH/API/ResponseTrait.php on line 331.
 1 SYSTEMPATH/API/ResponseTrait.php(331): CodeIgniter\Debug\Exceptions->errorHandler()
 2 SYSTEMPATH/API/ResponseTrait.php(98): App\Filters\Auth->format()
 3 SYSTEMPATH/API/ResponseTrait.php(135): App\Filters\Auth->respond()
 4 SYSTEMPATH/API/ResponseTrait.php(198): App\Filters\Auth->fail()
 5 APPPATH/Filters/Auth.php(27): App\Filters\Auth->failUnauthorized()
 6 SYSTEMPATH/Filters/Filters.php(173): App\Filters\Auth->before()
 7 SYSTEMPATH/CodeIgniter.php(473): CodeIgniter\Filters\Filters->run()
 8 SYSTEMPATH/CodeIgniter.php(368): CodeIgniter\CodeIgniter->handleRequest()
 9 FCPATH/index.php(67): CodeIgniter\CodeIgniter->run()
10 SYSTEMPATH/Commands/Server/rewrite.php(47): require_once('/home/izaus/IzausLab/LabTraining/Ci4/belajar-crud-api-ci4-anymhost/public/index.php')
CRITICAL - 2023-07-07 12:59:47 --> Undefined property: App\Filters\Auth::$response
in SYSTEMPATH/API/ResponseTrait.php on line 331.
 1 SYSTEMPATH/API/ResponseTrait.php(331): CodeIgniter\Debug\Exceptions->errorHandler()
 2 SYSTEMPATH/API/ResponseTrait.php(98): App\Filters\Auth->format()
 3 SYSTEMPATH/API/ResponseTrait.php(135): App\Filters\Auth->respond()
 4 SYSTEMPATH/API/ResponseTrait.php(198): App\Filters\Auth->fail()
 5 APPPATH/Filters/Auth.php(27): App\Filters\Auth->failUnauthorized()
 6 SYSTEMPATH/Filters/Filters.php(173): App\Filters\Auth->before()
 7 SYSTEMPATH/CodeIgniter.php(473): CodeIgniter\Filters\Filters->run()
 8 SYSTEMPATH/CodeIgniter.php(368): CodeIgniter\CodeIgniter->handleRequest()
 9 FCPATH/index.php(67): CodeIgniter\CodeIgniter->run()
10 SYSTEMPATH/Commands/Server/rewrite.php(47): require_once('/home/izaus/IzausLab/LabTraining/Ci4/belajar-crud-api-ci4-anymhost/public/index.php')
CRITICAL - 2023-07-07 13:00:14 --> Firebase\JWT\JWT::decode(): Argument #3 ($headers) cannot be passed by reference
in APPPATH/Filters/Auth.php on line 31.
 1 SYSTEMPATH/Filters/Filters.php(173): App\Filters\Auth->before()
 2 SYSTEMPATH/CodeIgniter.php(473): CodeIgniter\Filters\Filters->run()
 3 SYSTEMPATH/CodeIgniter.php(368): CodeIgniter\CodeIgniter->handleRequest()
 4 FCPATH/index.php(67): CodeIgniter\CodeIgniter->run()
 5 SYSTEMPATH/Commands/Server/rewrite.php(47): require_once('/home/izaus/IzausLab/LabTraining/Ci4/belajar-crud-api-ci4-anymhost/public/index.php')
CRITICAL - 2023-07-07 13:04:36 --> Firebase\JWT\JWT::decode(): Argument #3 ($headers) cannot be passed by reference
in APPPATH/Filters/Auth.php on line 31.
 1 SYSTEMPATH/Filters/Filters.php(173): App\Filters\Auth->before()
 2 SYSTEMPATH/CodeIgniter.php(473): CodeIgniter\Filters\Filters->run()
 3 SYSTEMPATH/CodeIgniter.php(368): CodeIgniter\CodeIgniter->handleRequest()
 4 FCPATH/index.php(67): CodeIgniter\CodeIgniter->run()
 5 SYSTEMPATH/Commands/Server/rewrite.php(47): require_once('/home/izaus/IzausLab/LabTraining/Ci4/belajar-crud-api-ci4-anymhost/public/index.php')
CRITICAL - 2023-07-07 13:04:45 --> Firebase\JWT\JWT::decode(): Argument #3 ($headers) cannot be passed by reference
in APPPATH/Filters/Auth.php on line 31.
 1 SYSTEMPATH/Filters/Filters.php(173): App\Filters\Auth->before()
 2 SYSTEMPATH/CodeIgniter.php(473): CodeIgniter\Filters\Filters->run()
 3 SYSTEMPATH/CodeIgniter.php(368): CodeIgniter\CodeIgniter->handleRequest()
 4 FCPATH/index.php(67): CodeIgniter\CodeIgniter->run()
 5 SYSTEMPATH/Commands/Server/rewrite.php(47): require_once('/home/izaus/IzausLab/LabTraining/Ci4/belajar-crud-api-ci4-anymhost/public/index.php')
CRITICAL - 2023-07-07 13:06:05 --> Firebase\JWT\JWT::decode(): Argument #3 ($headers) cannot be passed by reference
in APPPATH/Filters/Auth.php on line 31.
 1 SYSTEMPATH/Filters/Filters.php(173): App\Filters\Auth->before()
 2 SYSTEMPATH/CodeIgniter.php(473): CodeIgniter\Filters\Filters->run()
 3 SYSTEMPATH/CodeIgniter.php(368): CodeIgniter\CodeIgniter->handleRequest()
 4 FCPATH/index.php(67): CodeIgniter\CodeIgniter->run()
 5 SYSTEMPATH/Commands/Server/rewrite.php(47): require_once('/home/izaus/IzausLab/LabTraining/Ci4/belajar-crud-api-ci4-anymhost/public/index.php')
CRITICAL - 2023-07-07 13:06:46 --> Firebase\JWT\JWT::decode(): Argument #3 ($headers) cannot be passed by reference
in APPPATH/Filters/Auth.php on line 31.
 1 SYSTEMPATH/Filters/Filters.php(173): App\Filters\Auth->before()
 2 SYSTEMPATH/CodeIgniter.php(473): CodeIgniter\Filters\Filters->run()
 3 SYSTEMPATH/CodeIgniter.php(368): CodeIgniter\CodeIgniter->handleRequest()
 4 FCPATH/index.php(67): CodeIgniter\CodeIgniter->run()
 5 SYSTEMPATH/Commands/Server/rewrite.php(47): require_once('/home/izaus/IzausLab/LabTraining/Ci4/belajar-crud-api-ci4-anymhost/public/index.php')
CRITICAL - 2023-07-07 13:14:10 --> Class "App\Filters\Key" not found
in APPPATH/Filters/Auth.php on line 31.
 1 SYSTEMPATH/Filters/Filters.php(173): App\Filters\Auth->before()
 2 SYSTEMPATH/CodeIgniter.php(473): CodeIgniter\Filters\Filters->run()
 3 SYSTEMPATH/CodeIgniter.php(368): CodeIgniter\CodeIgniter->handleRequest()
 4 FCPATH/index.php(67): CodeIgniter\CodeIgniter->run()
 5 SYSTEMPATH/Commands/Server/rewrite.php(47): require_once('/home/izaus/IzausLab/LabTraining/Ci4/belajar-crud-api-ci4-anymhost/public/index.php')
CRITICAL - 2023-07-07 13:14:37 --> Class "App\Filters\stdClass" not found
in APPPATH/Filters/Auth.php on line 32.
 1 SYSTEMPATH/Filters/Filters.php(173): App\Filters\Auth->before()
 2 SYSTEMPATH/CodeIgniter.php(473): CodeIgniter\Filters\Filters->run()
 3 SYSTEMPATH/CodeIgniter.php(368): CodeIgniter\CodeIgniter->handleRequest()
 4 FCPATH/index.php(67): CodeIgniter\CodeIgniter->run()
 5 SYSTEMPATH/Commands/Server/rewrite.php(47): require_once('/home/izaus/IzausLab/LabTraining/Ci4/belajar-crud-api-ci4-anymhost/public/index.php')
CRITICAL - 2023-07-07 13:24:49 --> Undefined property: App\Filters\Auth::$response
in SYSTEMPATH/API/ResponseTrait.php on line 331.
 1 SYSTEMPATH/API/ResponseTrait.php(331): CodeIgniter\Debug\Exceptions->errorHandler()
 2 SYSTEMPATH/API/ResponseTrait.php(98): App\Filters\Auth->format()
 3 SYSTEMPATH/API/ResponseTrait.php(135): App\Filters\Auth->respond()
 4 SYSTEMPATH/API/ResponseTrait.php(198): App\Filters\Auth->fail()
 5 APPPATH/Filters/Auth.php(34): App\Filters\Auth->failUnauthorized()
 6 SYSTEMPATH/Filters/Filters.php(173): App\Filters\Auth->before()
 7 SYSTEMPATH/CodeIgniter.php(473): CodeIgniter\Filters\Filters->run()
 8 SYSTEMPATH/CodeIgniter.php(368): CodeIgniter\CodeIgniter->handleRequest()
 9 FCPATH/index.php(67): CodeIgniter\CodeIgniter->run()
10 SYSTEMPATH/Commands/Server/rewrite.php(47): require_once('/home/izaus/IzausLab/LabTraining/Ci4/belajar-crud-api-ci4-anymhost/public/index.php')
CRITICAL - 2023-07-07 13:29:29 --> Declaration of App\Filters\Auth::before(CodeIgniter\HTTP\RequestInterface $request, CodeIgniter\HTTP\ResponseInterface $response, $arguments = null) must be compatible with CodeIgniter\Filters\FilterInterface::before(CodeIgniter\HTTP\RequestInterface $request, $arguments = null)
in APPPATH/Filters/Auth.php on line 23.
 1 [internal function]: CodeIgniter\Debug\Exceptions->shutdownHandler()
CRITICAL - 2023-07-07 13:29:41 --> Undefined property: App\Filters\Auth::$response
in SYSTEMPATH/API/ResponseTrait.php on line 331.
 1 SYSTEMPATH/API/ResponseTrait.php(331): CodeIgniter\Debug\Exceptions->errorHandler()
 2 SYSTEMPATH/API/ResponseTrait.php(98): App\Filters\Auth->format()
 3 SYSTEMPATH/API/ResponseTrait.php(135): App\Filters\Auth->respond()
 4 SYSTEMPATH/API/ResponseTrait.php(198): App\Filters\Auth->fail()
 5 APPPATH/Filters/Auth.php(34): App\Filters\Auth->failUnauthorized()
 6 SYSTEMPATH/Filters/Filters.php(173): App\Filters\Auth->before()
 7 SYSTEMPATH/CodeIgniter.php(473): CodeIgniter\Filters\Filters->run()
 8 SYSTEMPATH/CodeIgniter.php(368): CodeIgniter\CodeIgniter->handleRequest()
 9 FCPATH/index.php(67): CodeIgniter\CodeIgniter->run()
10 SYSTEMPATH/Commands/Server/rewrite.php(47): require_once('/home/izaus/IzausLab/LabTraining/Ci4/belajar-crud-api-ci4-anymhost/public/index.php')
CRITICAL - 2023-07-07 13:31:26 --> Undefined property: App\Filters\Auth::$response
in SYSTEMPATH/API/ResponseTrait.php on line 331.
 1 SYSTEMPATH/API/ResponseTrait.php(331): CodeIgniter\Debug\Exceptions->errorHandler()
 2 SYSTEMPATH/API/ResponseTrait.php(98): App\Filters\Auth->format()
 3 SYSTEMPATH/API/ResponseTrait.php(135): App\Filters\Auth->respond()
 4 SYSTEMPATH/API/ResponseTrait.php(198): App\Filters\Auth->fail()
 5 APPPATH/Filters/Auth.php(35): App\Filters\Auth->failUnauthorized()
 6 SYSTEMPATH/Filters/Filters.php(173): App\Filters\Auth->before()
 7 SYSTEMPATH/CodeIgniter.php(473): CodeIgniter\Filters\Filters->run()
 8 SYSTEMPATH/CodeIgniter.php(368): CodeIgniter\CodeIgniter->handleRequest()
 9 FCPATH/index.php(67): CodeIgniter\CodeIgniter->run()
10 SYSTEMPATH/Commands/Server/rewrite.php(47): require_once('/home/izaus/IzausLab/LabTraining/Ci4/belajar-crud-api-ci4-anymhost/public/index.php')
CRITICAL - 2023-07-07 13:31:48 --> Undefined property: App\Filters\Auth::$response
in SYSTEMPATH/API/ResponseTrait.php on line 331.
 1 SYSTEMPATH/API/ResponseTrait.php(331): CodeIgniter\Debug\Exceptions->errorHandler()
 2 SYSTEMPATH/API/ResponseTrait.php(98): App\Filters\Auth->format()
 3 SYSTEMPATH/API/ResponseTrait.php(135): App\Filters\Auth->respond()
 4 SYSTEMPATH/API/ResponseTrait.php(198): App\Filters\Auth->fail()
 5 APPPATH/Filters/Auth.php(35): App\Filters\Auth->failUnauthorized()
 6 SYSTEMPATH/Filters/Filters.php(173): App\Filters\Auth->before()
 7 SYSTEMPATH/CodeIgniter.php(473): CodeIgniter\Filters\Filters->run()
 8 SYSTEMPATH/CodeIgniter.php(368): CodeIgniter\CodeIgniter->handleRequest()
 9 FCPATH/index.php(67): CodeIgniter\CodeIgniter->run()
10 SYSTEMPATH/Commands/Server/rewrite.php(47): require_once('/home/izaus/IzausLab/LabTraining/Ci4/belajar-crud-api-ci4-anymhost/public/index.php')
CRITICAL - 2023-07-07 13:34:07 --> Class App\Filters\Auth contains 1 abstract method and must therefore be declared abstract or implement the remaining methods (CodeIgniter\Filters\FilterInterface::after)
in APPPATH/Filters/Auth.php on line 12.
 1 [internal function]: CodeIgniter\Debug\Exceptions->shutdownHandler()
CRITICAL - 2023-07-07 13:35:55 --> Undefined property: App\Filters\Auth::$response
in SYSTEMPATH/API/ResponseTrait.php on line 331.
 1 SYSTEMPATH/API/ResponseTrait.php(331): CodeIgniter\Debug\Exceptions->errorHandler()
 2 SYSTEMPATH/API/ResponseTrait.php(98): App\Filters\Auth->format()
 3 SYSTEMPATH/API/ResponseTrait.php(135): App\Filters\Auth->respond()
 4 SYSTEMPATH/API/ResponseTrait.php(198): App\Filters\Auth->fail()
 5 APPPATH/Filters/Auth.php(35): App\Filters\Auth->failUnauthorized()
 6 SYSTEMPATH/Filters/Filters.php(173): App\Filters\Auth->before()
 7 SYSTEMPATH/CodeIgniter.php(473): CodeIgniter\Filters\Filters->run()
 8 SYSTEMPATH/CodeIgniter.php(368): CodeIgniter\CodeIgniter->handleRequest()
 9 FCPATH/index.php(67): CodeIgniter\CodeIgniter->run()
10 SYSTEMPATH/Commands/Server/rewrite.php(47): require_once('/home/izaus/IzausLab/LabTraining/Ci4/belajar-crud-api-ci4-anymhost/public/index.php')
CRITICAL - 2023-07-07 13:39:50 --> Declaration of App\Filters\Auth::after(CodeIgniter\HTTP\RequestInterface $request, $arguments = null) must be compatible with CodeIgniter\Filters\FilterInterface::after(CodeIgniter\HTTP\RequestInterface $request, CodeIgniter\HTTP\ResponseInterface $response, $arguments = null)
in APPPATH/Filters/Auth.php on line 39.
 1 [internal function]: CodeIgniter\Debug\Exceptions->shutdownHandler()
CRITICAL - 2023-07-07 13:40:45 --> Undefined property: App\Filters\Auth::$response
in SYSTEMPATH/API/ResponseTrait.php on line 331.
 1 SYSTEMPATH/API/ResponseTrait.php(331): CodeIgniter\Debug\Exceptions->errorHandler()
 2 SYSTEMPATH/API/ResponseTrait.php(98): App\Filters\Auth->format()
 3 SYSTEMPATH/API/ResponseTrait.php(135): App\Filters\Auth->respond()
 4 SYSTEMPATH/API/ResponseTrait.php(198): App\Filters\Auth->fail()
 5 APPPATH/Filters/Auth.php(35): App\Filters\Auth->failUnauthorized()
 6 SYSTEMPATH/Filters/Filters.php(173): App\Filters\Auth->before()
 7 SYSTEMPATH/CodeIgniter.php(473): CodeIgniter\Filters\Filters->run()
 8 SYSTEMPATH/CodeIgniter.php(368): CodeIgniter\CodeIgniter->handleRequest()
 9 FCPATH/index.php(67): CodeIgniter\CodeIgniter->run()
10 SYSTEMPATH/Commands/Server/rewrite.php(47): require_once('/home/izaus/IzausLab/LabTraining/Ci4/belajar-crud-api-ci4-anymhost/public/index.php')
CRITICAL - 2023-07-07 13:42:34 --> Undefined property: App\Filters\Auth::$response
in SYSTEMPATH/API/ResponseTrait.php on line 331.
 1 SYSTEMPATH/API/ResponseTrait.php(331): CodeIgniter\Debug\Exceptions->errorHandler()
 2 SYSTEMPATH/API/ResponseTrait.php(98): App\Filters\Auth->format()
 3 SYSTEMPATH/API/ResponseTrait.php(135): App\Filters\Auth->respond()
 4 SYSTEMPATH/API/ResponseTrait.php(198): App\Filters\Auth->fail()
 5 APPPATH/Filters/Auth.php(35): App\Filters\Auth->failUnauthorized()
 6 SYSTEMPATH/Filters/Filters.php(173): App\Filters\Auth->before()
 7 SYSTEMPATH/CodeIgniter.php(473): CodeIgniter\Filters\Filters->run()
 8 SYSTEMPATH/CodeIgniter.php(368): CodeIgniter\CodeIgniter->handleRequest()
 9 FCPATH/index.php(67): CodeIgniter\CodeIgniter->run()
10 SYSTEMPATH/Commands/Server/rewrite.php(47): require_once('/home/izaus/IzausLab/LabTraining/Ci4/belajar-crud-api-ci4-anymhost/public/index.php')
CRITICAL - 2023-07-07 13:42:56 --> Call to undefined method App\Filters\Auth::failUnauthorized()
in APPPATH/Filters/Auth.php on line 35.
 1 SYSTEMPATH/Filters/Filters.php(173): App\Filters\Auth->before()
 2 SYSTEMPATH/CodeIgniter.php(473): CodeIgniter\Filters\Filters->run()
 3 SYSTEMPATH/CodeIgniter.php(368): CodeIgniter\CodeIgniter->handleRequest()
 4 FCPATH/index.php(67): CodeIgniter\CodeIgniter->run()
 5 SYSTEMPATH/Commands/Server/rewrite.php(47): require_once('/home/izaus/IzausLab/LabTraining/Ci4/belajar-crud-api-ci4-anymhost/public/index.php')
CRITICAL - 2023-07-07 13:43:44 --> Undefined property: App\Filters\Auth::$response
in SYSTEMPATH/API/ResponseTrait.php on line 331.
 1 SYSTEMPATH/API/ResponseTrait.php(331): CodeIgniter\Debug\Exceptions->errorHandler()
 2 SYSTEMPATH/API/ResponseTrait.php(98): App\Filters\Auth->format()
 3 SYSTEMPATH/API/ResponseTrait.php(135): App\Filters\Auth->respond()
 4 SYSTEMPATH/API/ResponseTrait.php(198): App\Filters\Auth->fail()
 5 APPPATH/Filters/Auth.php(35): App\Filters\Auth->failUnauthorized()
 6 SYSTEMPATH/Filters/Filters.php(173): App\Filters\Auth->before()
 7 SYSTEMPATH/CodeIgniter.php(473): CodeIgniter\Filters\Filters->run()
 8 SYSTEMPATH/CodeIgniter.php(368): CodeIgniter\CodeIgniter->handleRequest()
 9 FCPATH/index.php(67): CodeIgniter\CodeIgniter->run()
10 SYSTEMPATH/Commands/Server/rewrite.php(47): require_once('/home/izaus/IzausLab/LabTraining/Ci4/belajar-crud-api-ci4-anymhost/public/index.php')
CRITICAL - 2023-07-07 13:44:20 --> Undefined property: App\Filters\Auth::$response
in SYSTEMPATH/API/ResponseTrait.php on line 307.
 1 SYSTEMPATH/API/ResponseTrait.php(307): CodeIgniter\Debug\Exceptions->errorHandler()
 2 SYSTEMPATH/API/ResponseTrait.php(98): App\Filters\Auth->format()
 3 APPPATH/Filters/Auth.php(35): App\Filters\Auth->respond()
 4 SYSTEMPATH/Filters/Filters.php(173): App\Filters\Auth->before()
 5 SYSTEMPATH/CodeIgniter.php(473): CodeIgniter\Filters\Filters->run()
 6 SYSTEMPATH/CodeIgniter.php(368): CodeIgniter\CodeIgniter->handleRequest()
 7 FCPATH/index.php(67): CodeIgniter\CodeIgniter->run()
 8 SYSTEMPATH/Commands/Server/rewrite.php(47): require_once('/home/izaus/IzausLab/LabTraining/Ci4/belajar-crud-api-ci4-anymhost/public/index.php')
CRITICAL - 2023-07-07 13:44:28 --> Undefined property: App\Filters\Auth::$response
in SYSTEMPATH/API/ResponseTrait.php on line 307.
 1 SYSTEMPATH/API/ResponseTrait.php(307): CodeIgniter\Debug\Exceptions->errorHandler()
 2 SYSTEMPATH/API/ResponseTrait.php(98): App\Filters\Auth->format()
 3 APPPATH/Filters/Auth.php(35): App\Filters\Auth->respond()
 4 SYSTEMPATH/Filters/Filters.php(173): App\Filters\Auth->before()
 5 SYSTEMPATH/CodeIgniter.php(473): CodeIgniter\Filters\Filters->run()
 6 SYSTEMPATH/CodeIgniter.php(368): CodeIgniter\CodeIgniter->handleRequest()
 7 FCPATH/index.php(67): CodeIgniter\CodeIgniter->run()
 8 SYSTEMPATH/Commands/Server/rewrite.php(47): require_once('/home/izaus/IzausLab/LabTraining/Ci4/belajar-crud-api-ci4-anymhost/public/index.php')
CRITICAL - 2023-07-07 13:45:27 --> syntax error, unexpected token "}", expecting ";"
in APPPATH/Filters/Auth.php on line 29.
 1 SYSTEMPATH/Autoloader/Autoloader.php(289): CodeIgniter\Autoloader\Autoloader->includeFile()
 2 SYSTEMPATH/Autoloader/Autoloader.php(267): CodeIgniter\Autoloader\Autoloader->loadInNamespace()
 3 SYSTEMPATH/Filters/Filters.php(166): CodeIgniter\Autoloader\Autoloader->loadClass()
 4 SYSTEMPATH/CodeIgniter.php(473): CodeIgniter\Filters\Filters->run()
 5 SYSTEMPATH/CodeIgniter.php(368): CodeIgniter\CodeIgniter->handleRequest()
 6 FCPATH/index.php(67): CodeIgniter\CodeIgniter->run()
 7 SYSTEMPATH/Commands/Server/rewrite.php(47): require_once('/home/izaus/IzausLab/LabTraining/Ci4/belajar-crud-api-ci4-anymhost/public/index.php')
CRITICAL - 2023-07-07 13:46:55 --> Class "App\Controllers\UserModel" not found
in APPPATH/Controllers/ProtectedController.php on line 31.
 1 SYSTEMPATH/CodeIgniter.php(934): App\Controllers\ProtectedController->index()
 2 SYSTEMPATH/CodeIgniter.php(499): CodeIgniter\CodeIgniter->runController()
 3 SYSTEMPATH/CodeIgniter.php(368): CodeIgniter\CodeIgniter->handleRequest()
 4 FCPATH/index.php(67): CodeIgniter\CodeIgniter->run()
 5 SYSTEMPATH/Commands/Server/rewrite.php(47): require_once('/home/izaus/IzausLab/LabTraining/Ci4/belajar-crud-api-ci4-anymhost/public/index.php')
CRITICAL - 2023-07-07 13:48:42 --> Firebase\JWT\JWT::decode(): Argument #1 ($jwt) must be of type string, null given, called in /home/izaus/IzausLab/LabTraining/Ci4/belajar-crud-api-ci4-anymhost/app/Controllers/ProtectedController.php on line 27
in VENDORPATH/firebase/php-jwt/src/JWT.php on line 96.
 1 APPPATH/Controllers/ProtectedController.php(27): Firebase\JWT\JWT::decode()
 2 SYSTEMPATH/CodeIgniter.php(934): App\Controllers\ProtectedController->index()
 3 SYSTEMPATH/CodeIgniter.php(499): CodeIgniter\CodeIgniter->runController()
 4 SYSTEMPATH/CodeIgniter.php(368): CodeIgniter\CodeIgniter->handleRequest()
 5 FCPATH/index.php(67): CodeIgniter\CodeIgniter->run()
 6 SYSTEMPATH/Commands/Server/rewrite.php(47): require_once('/home/izaus/IzausLab/LabTraining/Ci4/belajar-crud-api-ci4-anymhost/public/index.php')
CRITICAL - 2023-07-07 13:56:23 --> Undefined property: App\Filters\Auth::$request
in APPPATH/Filters/Auth.php on line 25.
 1 APPPATH/Filters/Auth.php(25): CodeIgniter\Debug\Exceptions->errorHandler()
 2 SYSTEMPATH/Filters/Filters.php(173): App\Filters\Auth->before()
 3 SYSTEMPATH/CodeIgniter.php(473): CodeIgniter\Filters\Filters->run()
 4 SYSTEMPATH/CodeIgniter.php(368): CodeIgniter\CodeIgniter->handleRequest()
 5 FCPATH/index.php(67): CodeIgniter\CodeIgniter->run()
 6 SYSTEMPATH/Commands/Server/rewrite.php(47): require_once('/home/izaus/IzausLab/LabTraining/Ci4/belajar-crud-api-ci4-anymhost/public/index.php')
CRITICAL - 2023-07-07 13:58:35 --> Firebase\JWT\JWT::decode(): Argument #1 ($jwt) must be of type string, null given, called in /home/izaus/IzausLab/LabTraining/Ci4/belajar-crud-api-ci4-anymhost/app/Controllers/ProtectedController.php on line 27
in VENDORPATH/firebase/php-jwt/src/JWT.php on line 96.
 1 APPPATH/Controllers/ProtectedController.php(27): Firebase\JWT\JWT::decode()
 2 SYSTEMPATH/CodeIgniter.php(934): App\Controllers\ProtectedController->index()
 3 SYSTEMPATH/CodeIgniter.php(499): CodeIgniter\CodeIgniter->runController()
 4 SYSTEMPATH/CodeIgniter.php(368): CodeIgniter\CodeIgniter->handleRequest()
 5 FCPATH/index.php(67): CodeIgniter\CodeIgniter->run()
 6 SYSTEMPATH/Commands/Server/rewrite.php(47): require_once('/home/izaus/IzausLab/LabTraining/Ci4/belajar-crud-api-ci4-anymhost/public/index.php')
WARNING - 2023-07-07 14:45:50 --> [DEPRECATED] explode(): Passing null to parameter #2 ($string) of type string is deprecated in APPPATH/Filters/Auth.php on line 45.
 1 APPPATH/Filters/Auth.php(45): explode('', null)
 2 SYSTEMPATH/Filters/Filters.php(173): App\Filters\Auth->before(Object(CodeIgniter\HTTP\IncomingRequest), null)
 3 SYSTEMPATH/CodeIgniter.php(473): CodeIgniter\Filters\Filters->run('api/protected', 'before')
 4 SYSTEMPATH/CodeIgniter.php(368): CodeIgniter\CodeIgniter->handleRequest(null, Object(Config\Cache), false)
 5 FCPATH/index.php(67): CodeIgniter\CodeIgniter->run()
 6 SYSTEMPATH/Commands/Server/rewrite.php(47): require_once('/home/izaus/IzausLab/LabTraining/Ci4/belajar-crud-api-ci4-anymhost/public/index.php')
CRITICAL - 2023-07-07 14:45:50 --> explode(): Argument #1 ($separator) cannot be empty
in APPPATH/Filters/Auth.php on line 45.
 1 APPPATH/Filters/Auth.php(45): explode()
 2 SYSTEMPATH/Filters/Filters.php(173): App\Filters\Auth->before()
 3 SYSTEMPATH/CodeIgniter.php(473): CodeIgniter\Filters\Filters->run()
 4 SYSTEMPATH/CodeIgniter.php(368): CodeIgniter\CodeIgniter->handleRequest()
 5 FCPATH/index.php(67): CodeIgniter\CodeIgniter->run()
 6 SYSTEMPATH/Commands/Server/rewrite.php(47): require_once('/home/izaus/IzausLab/LabTraining/Ci4/belajar-crud-api-ci4-anymhost/public/index.php')
WARNING - 2023-07-07 14:46:00 --> [DEPRECATED] explode(): Passing null to parameter #2 ($string) of type string is deprecated in APPPATH/Filters/Auth.php on line 45.
 1 APPPATH/Filters/Auth.php(45): explode('', null)
 2 SYSTEMPATH/Filters/Filters.php(173): App\Filters\Auth->before(Object(CodeIgniter\HTTP\IncomingRequest), null)
 3 SYSTEMPATH/CodeIgniter.php(473): CodeIgniter\Filters\Filters->run('api/protected', 'before')
 4 SYSTEMPATH/CodeIgniter.php(368): CodeIgniter\CodeIgniter->handleRequest(null, Object(Config\Cache), false)
 5 FCPATH/index.php(67): CodeIgniter\CodeIgniter->run()
 6 SYSTEMPATH/Commands/Server/rewrite.php(47): require_once('/home/izaus/IzausLab/LabTraining/Ci4/belajar-crud-api-ci4-anymhost/public/index.php')
CRITICAL - 2023-07-07 14:46:00 --> explode(): Argument #1 ($separator) cannot be empty
in APPPATH/Filters/Auth.php on line 45.
 1 APPPATH/Filters/Auth.php(45): explode()
 2 SYSTEMPATH/Filters/Filters.php(173): App\Filters\Auth->before()
 3 SYSTEMPATH/CodeIgniter.php(473): CodeIgniter\Filters\Filters->run()
 4 SYSTEMPATH/CodeIgniter.php(368): CodeIgniter\CodeIgniter->handleRequest()
 5 FCPATH/index.php(67): CodeIgniter\CodeIgniter->run()
 6 SYSTEMPATH/Commands/Server/rewrite.php(47): require_once('/home/izaus/IzausLab/LabTraining/Ci4/belajar-crud-api-ci4-anymhost/public/index.php')
CRITICAL - 2023-07-07 14:47:48 --> explode(): Argument #1 ($separator) cannot be empty
in APPPATH/Filters/Auth.php on line 45.
 1 APPPATH/Filters/Auth.php(45): explode()
 2 SYSTEMPATH/Filters/Filters.php(173): App\Filters\Auth->before()
 3 SYSTEMPATH/CodeIgniter.php(473): CodeIgniter\Filters\Filters->run()
 4 SYSTEMPATH/CodeIgniter.php(368): CodeIgniter\CodeIgniter->handleRequest()
 5 FCPATH/index.php(67): CodeIgniter\CodeIgniter->run()
 6 SYSTEMPATH/Commands/Server/rewrite.php(47): require_once('/home/izaus/IzausLab/LabTraining/Ci4/belajar-crud-api-ci4-anymhost/public/index.php')
CRITICAL - 2023-07-07 14:51:30 --> explode(): Argument #1 ($separator) cannot be empty
in APPPATH/Controllers/ProtectedController.php on line 25.
 1 APPPATH/Controllers/ProtectedController.php(25): explode()
 2 SYSTEMPATH/CodeIgniter.php(934): App\Controllers\ProtectedController->index()
 3 SYSTEMPATH/CodeIgniter.php(499): CodeIgniter\CodeIgniter->runController()
 4 SYSTEMPATH/CodeIgniter.php(368): CodeIgniter\CodeIgniter->handleRequest()
 5 FCPATH/index.php(67): CodeIgniter\CodeIgniter->run()
 6 SYSTEMPATH/Commands/Server/rewrite.php(47): require_once('/home/izaus/IzausLab/LabTraining/Ci4/belajar-crud-api-ci4-anymhost/public/index.php')
CRITICAL - 2023-07-07 15:55:57 --> Undefined array key "refresh_token"
in APPPATH/Controllers/AuthController.php on line 102.
 1 APPPATH/Controllers/AuthController.php(102): CodeIgniter\Debug\Exceptions->errorHandler()
 2 SYSTEMPATH/CodeIgniter.php(934): App\Controllers\AuthController->refreshToken()
 3 SYSTEMPATH/CodeIgniter.php(499): CodeIgniter\CodeIgniter->runController()
 4 SYSTEMPATH/CodeIgniter.php(368): CodeIgniter\CodeIgniter->handleRequest()
 5 FCPATH/index.php(67): CodeIgniter\CodeIgniter->run()
 6 SYSTEMPATH/Commands/Server/rewrite.php(47): require_once('/home/izaus/IzausLab/LabTraining/Ci4/belajar-crud-api-ci4-anymhost/public/index.php')
CRITICAL - 2023-07-07 15:58:51 --> Undefined array key "refresh_token"
in APPPATH/Controllers/AuthController.php on line 102.
 1 APPPATH/Controllers/AuthController.php(102): CodeIgniter\Debug\Exceptions->errorHandler()
 2 SYSTEMPATH/CodeIgniter.php(934): App\Controllers\AuthController->refreshToken()
 3 SYSTEMPATH/CodeIgniter.php(499): CodeIgniter\CodeIgniter->runController()
 4 SYSTEMPATH/CodeIgniter.php(368): CodeIgniter\CodeIgniter->handleRequest()
 5 FCPATH/index.php(67): CodeIgniter\CodeIgniter->run()
 6 SYSTEMPATH/Commands/Server/rewrite.php(47): require_once('/home/izaus/IzausLab/LabTraining/Ci4/belajar-crud-api-ci4-anymhost/public/index.php')
CRITICAL - 2023-07-07 15:59:00 --> Trying to access array offset on value of type null
in APPPATH/Controllers/AuthController.php on line 102.
 1 APPPATH/Controllers/AuthController.php(102): CodeIgniter\Debug\Exceptions->errorHandler()
 2 SYSTEMPATH/CodeIgniter.php(934): App\Controllers\AuthController->refreshToken()
 3 SYSTEMPATH/CodeIgniter.php(499): CodeIgniter\CodeIgniter->runController()
 4 SYSTEMPATH/CodeIgniter.php(368): CodeIgniter\CodeIgniter->handleRequest()
 5 FCPATH/index.php(67): CodeIgniter\CodeIgniter->run()
 6 SYSTEMPATH/Commands/Server/rewrite.php(47): require_once('/home/izaus/IzausLab/LabTraining/Ci4/belajar-crud-api-ci4-anymhost/public/index.php')
CRITICAL - 2023-07-07 15:59:05 --> Undefined array key "refresh_token"
in APPPATH/Controllers/AuthController.php on line 102.
 1 APPPATH/Controllers/AuthController.php(102): CodeIgniter\Debug\Exceptions->errorHandler()
 2 SYSTEMPATH/CodeIgniter.php(934): App\Controllers\AuthController->refreshToken()
 3 SYSTEMPATH/CodeIgniter.php(499): CodeIgniter\CodeIgniter->runController()
 4 SYSTEMPATH/CodeIgniter.php(368): CodeIgniter\CodeIgniter->handleRequest()
 5 FCPATH/index.php(67): CodeIgniter\CodeIgniter->run()
 6 SYSTEMPATH/Commands/Server/rewrite.php(47): require_once('/home/izaus/IzausLab/LabTraining/Ci4/belajar-crud-api-ci4-anymhost/public/index.php')
CRITICAL - 2023-07-07 15:59:25 --> Undefined array key "refresh_token"
in APPPATH/Controllers/AuthController.php on line 102.
 1 APPPATH/Controllers/AuthController.php(102): CodeIgniter\Debug\Exceptions->errorHandler()
 2 SYSTEMPATH/CodeIgniter.php(934): App\Controllers\AuthController->refreshToken()
 3 SYSTEMPATH/CodeIgniter.php(499): CodeIgniter\CodeIgniter->runController()
 4 SYSTEMPATH/CodeIgniter.php(368): CodeIgniter\CodeIgniter->handleRequest()
 5 FCPATH/index.php(67): CodeIgniter\CodeIgniter->run()
 6 SYSTEMPATH/Commands/Server/rewrite.php(47): require_once('/home/izaus/IzausLab/LabTraining/Ci4/belajar-crud-api-ci4-anymhost/public/index.php')
CRITICAL - 2023-07-07 16:02:26 --> Class "App\Controllers\Services" not found
in APPPATH/Controllers/AuthController.php on line 106.
 1 SYSTEMPATH/CodeIgniter.php(934): App\Controllers\AuthController->refreshToken()
 2 SYSTEMPATH/CodeIgniter.php(499): CodeIgniter\CodeIgniter->runController()
 3 SYSTEMPATH/CodeIgniter.php(368): CodeIgniter\CodeIgniter->handleRequest()
 4 FCPATH/index.php(67): CodeIgniter\CodeIgniter->run()
 5 SYSTEMPATH/Commands/Server/rewrite.php(47): require_once('/home/izaus/IzausLab/LabTraining/Ci4/belajar-crud-api-ci4-anymhost/public/index.php')
CRITICAL - 2023-07-07 16:02:58 --> Class "App\Controllers\Services" not found
in APPPATH/Controllers/AuthController.php on line 106.
 1 SYSTEMPATH/CodeIgniter.php(934): App\Controllers\AuthController->refreshToken()
 2 SYSTEMPATH/CodeIgniter.php(499): CodeIgniter\CodeIgniter->runController()
 3 SYSTEMPATH/CodeIgniter.php(368): CodeIgniter\CodeIgniter->handleRequest()
 4 FCPATH/index.php(67): CodeIgniter\CodeIgniter->run()
 5 SYSTEMPATH/Commands/Server/rewrite.php(47): require_once('/home/izaus/IzausLab/LabTraining/Ci4/belajar-crud-api-ci4-anymhost/public/index.php')
CRITICAL - 2023-07-07 16:39:26 --> Undefined property: App\Controllers\AuthController::$db
in APPPATH/Controllers/AuthController.php on line 183.
 1 APPPATH/Controllers/AuthController.php(183): CodeIgniter\Debug\Exceptions->errorHandler()
 2 APPPATH/Controllers/AuthController.php(172): App\Controllers\AuthController->blacklistToken()
 3 SYSTEMPATH/CodeIgniter.php(934): App\Controllers\AuthController->logout()
 4 SYSTEMPATH/CodeIgniter.php(499): CodeIgniter\CodeIgniter->runController()
 5 SYSTEMPATH/CodeIgniter.php(368): CodeIgniter\CodeIgniter->handleRequest()
 6 FCPATH/index.php(67): CodeIgniter\CodeIgniter->run()
 7 SYSTEMPATH/Commands/Server/rewrite.php(47): require_once('/home/izaus/IzausLab/LabTraining/Ci4/belajar-crud-api-ci4-anymhost/public/index.php')
